Information: Propagating switching activity (low effort zero delay simulation). (PWR-6)
Warning: Design has unannotated primary inputs. (PWR-414)
Warning: Design has unannotated sequential cell outputs. (PWR-415)
 
****************************************
Report : power
        -hier
        -analysis_effort low
Design : medianFilter
Version: F-2011.09-ICC-SP4
Date   : Tue Sep 25 02:53:16 2012
****************************************


Library(s) Used:

    saed32rvt_tt1p05v25c (File: /home/ff/cs250/stdcells/synopsys-32nm/multi_vt/db/saed32rvt_tt1p05v25c.db)


Operating Conditions: tt1p05v25c   Library: saed32rvt_tt1p05v25c
Wire Load Model Mode: top

Design        Wire Load Model            Library
------------------------------------------------
medianFilter           ForQA             saed32rvt_tt1p05v25c


Global Operating Voltage = 1.05 
Power-specific unit information :
    Voltage Units = 1V
    Capacitance Units = 1.000000ff
    Time Units = 1ns
    Dynamic Power Units = 1uW    (derived from V,C,T units)
    Leakage Power Units = 1pW


--------------------------------------------------------------------------------
                                       Switch   Int      Leak     Total
Hierarchy                              Power    Power    Power    Power    %
--------------------------------------------------------------------------------
medianFilter                            245.719  837.699 3.43e+09 4.52e+03 100.0
  winBuf (windowBuf)                    146.422  663.556 3.24e+09 4.05e+03  89.6
  medianSorter (median9)                 21.268   29.952 1.21e+08  172.578   3.8
1
