
  Loading design 'medianFilter'




Information: Library Manufacturing Grid(GridResolution) : 1
Information: Time Unit from Milkyway design library: 'ns' 
Information: Design Library and main library timing units are matched - 1.000 ns. 
Information: Resistance Unit from Milkyway design library: 'kohm' 
Warning: Mismatch in the main library and the Milkyway library resistance units. In the main library it is 1000.000 kohm and in the Milkyway design library it is 1.000 kohm. Check and correct the resistance units in the .tf and .db files. (PSYN-476)
Information: Capacitance Unit from Milkyway design library: 'ff' 
Information: Design Library and main library capacitance units are matched - 0.001 pf. 
Warning: Inconsistent library data found for layer PO. (RCEX-018)
Information: Layer M1 is ignored for resistance and capacitance computation. (RCEX-019)
Information: Layer M6 is ignored for resistance and capacitance computation. (RCEX-019)
Information: Layer M7 is ignored for resistance and capacitance computation. (RCEX-019)
Information: Layer M8 is ignored for resistance and capacitance computation. (RCEX-019)
Information: Layer M9 is ignored for resistance and capacitance computation. (RCEX-019)
Information: Layer MRDL is ignored for resistance and capacitance computation. (RCEX-019)
Information: The distance unit in Capacitance and Resistance is 1 micron. (RCEX-007)
Information: The RC model used is detail route TLU+. (RCEX-015)
Information: Start mixed mode parasitic extraction. (RCEX-023)
Information: Start rc extraction...
Information: Parasitic source is LPE. (RCEX-040)
Information: Parasitic mode is RealRC. (RCEX-041)
Information: Using virtual shield extraction. (RCEX-081)
Information: Extraction mode is MIN_MAX. (RCEX-042)
Information: Extraction derate is 25/25/25. (RCEX-043)
Information: Coupling capacitances are explicitly created. (RCEX-044)
Information: Start back annotation for parasitic extraction. (RCEX-023)
Information: End back annotation for parasitic extraction. (RCEX-023)
Information: Start timing update for parasitic extraction. (RCEX-023)
Information: End timing update for parasitic extraction. (RCEX-023)
Information: End parasitic extraction. (RCEX-023)
Information: Updating graph... (UID-83)

************************************************************
SI options:
Delta Delay Computation:           true
Static Noise Computation:          false
Timing window analysis for SI:     false
Reselection in timing window:      false
Min Delta Delay for SI:            true
Analysis Effort:                   low
Max Transition Mode:               normal_slew
Static Noise Thresholds:           0.35 (0.37V) above low
                                   0.35 (0.37V) below high
Route xtalk prevention:            true
Route xtalk prevention threshold:  0.25
************************************************************

Information: Input delay ('rise') on clock port 'ideal_clock1' will be added to the clock's propagated skew. (TIM-112)
Information: Input delay ('fall') on clock port 'ideal_clock1' will be added to the clock's propagated skew. (TIM-112)
Information: Input delay ('rise') on clock port 'ideal_clock1' will be added to the clock's propagated skew. (TIM-112)
Information: Input delay ('fall') on clock port 'ideal_clock1' will be added to the clock's propagated skew. (TIM-112)
 
****************************************
Report : clock tree
Design : medianFilter
Version: F-2011.09-ICC-SP4
Date   : Tue Sep 25 03:16:38 2012
****************************************

Information: Float pin scale factor for the 'max' operating condition of scenario 'default' is set to 1.000 (CTS-375)

============= Clock Tree Summary ==============
Clock                Sinks     CTBuffers ClkCells  Skew      LongestPath TotalDRC   BufferArea
-----------------------------------------------------------------------------------
ideal_clock1         2152      291       420       0.029     0.293       2          739.812   
1
