 
****************************************
Report : reference
Design : gcdGCDUnit_rtl
Version: F-2011.09-SP4
Date   : Mon Sep 10 10:59:18 2012
****************************************

Attributes:
    b - black box (unknown)
   bo - allows boundary optimization
    d - dont_touch
   mo - map_only
    h - hierarchical
    n - noncombinational
    r - removable
    s - synthetic operator
    u - contains unmapped logic

Reference          Library       Unit Area   Count    Total Area   Attributes
-----------------------------------------------------------------------------
INVX2              saed90nm_typ     6.451200       1     6.451200 
NBUFFX16           saed90nm_typ    26.726400       1    26.726400 
gcdGCDUnitCtrl                  186.163201       1    186.163201  h, n
gcdGCDUnitDpath_W16            3193.344448       1   3193.344448  b, h, n
-----------------------------------------------------------------------------
Total 4 references                                   3412.685249

****************************************
Design: gcdGCDUnitCtrl 
****************************************
Reference          Library       Unit Area   Count    Total Area   Attributes
-----------------------------------------------------------------------------
DFFX1              saed90nm_typ    24.883200       2    49.766399 n
INVX0              saed90nm_typ     5.529600       3    16.588800 
INVX2              saed90nm_typ     6.451200       1     6.451200 
NAND2X0            saed90nm_typ     5.529600       4    22.118401 
NAND2X1            saed90nm_typ     5.529600       4    22.118401 
NAND3X0            saed90nm_typ     7.372800       1     7.372800 
NOR2X0             saed90nm_typ     5.529600       5    27.648001 
NOR2X2             saed90nm_typ     9.216000       1     9.216000 
NOR3X0             saed90nm_typ     8.294400       1     8.294400 
OA21X1             saed90nm_typ     9.216000       1     9.216000 
OR2X1              saed90nm_typ     7.372800       1     7.372800 
-----------------------------------------------------------------------------
Total 11 references                                   186.163201

****************************************
Design: gcdGCDUnitDpath_W16 
****************************************
Reference          Library       Unit Area   Count    Total Area   Attributes
-----------------------------------------------------------------------------
AND2X1             saed90nm_typ     7.372800       2    14.745600 
AND4X1             saed90nm_typ    10.137600       1    10.137600 
AO21X1             saed90nm_typ    10.137600       1    10.137600 
DFFARX1            saed90nm_typ    32.256001      32  1032.192017 n
INVX0              saed90nm_typ     5.529600      25   138.240004 
INVX1              saed90nm_typ     6.451200       8    51.609600 
INVX4              saed90nm_typ     9.216000       1     9.216000 
MUX21X1            saed90nm_typ    11.059200      17   188.006405 
NAND2X0            saed90nm_typ     5.529600      53   293.068808 
NAND2X1            saed90nm_typ     5.529600      65   359.424009 
NAND2X2            saed90nm_typ     9.216000       5    46.079998 
NAND3X0            saed90nm_typ     7.372800      19   140.083198 
NAND4X0            saed90nm_typ     8.294400       3    24.883201 
NBUFFX2            saed90nm_typ     5.529600       1     5.529600 
NOR2X0             saed90nm_typ     5.529600      66   364.953609 
NOR2X1             saed90nm_typ     6.451200      13    83.865600 
NOR2X2             saed90nm_typ     9.216000       7    64.511997 
NOR2X4             saed90nm_typ    14.745600       1    14.745600 
NOR3X0             saed90nm_typ     8.294400       1     8.294400 
NOR4X0             saed90nm_typ     9.216000       5    46.079998 
OR2X1              saed90nm_typ     7.372800       7    51.609599 
SNPS_CLOCK_GATE_HIGH_gcdGCDUnitDpath_W16_0    21.197001       1    21.197001 b, h
SNPS_CLOCK_GATE_HIGH_gcdGCDUnitDpath_W16_1    21.197001       1    21.197001 b, h
XOR2X1             saed90nm_typ    13.824000      14   193.536005 
-----------------------------------------------------------------------------
Total 24 references                                  3193.344448

****************************************
Design: SNPS_CLOCK_GATE_HIGH_gcdGCDUnitDpath_W16_0 
****************************************
Reference          Library       Unit Area   Count    Total Area   Attributes
-----------------------------------------------------------------------------
CGLPPRX2           saed90nm_typ_cg    21.197001       1    21.197001 b, d
-----------------------------------------------------------------------------
Total 1 references                                     21.197001

****************************************
Design: SNPS_CLOCK_GATE_HIGH_gcdGCDUnitDpath_W16_1 
****************************************
Reference          Library       Unit Area   Count    Total Area   Attributes
-----------------------------------------------------------------------------
CGLPPRX2           saed90nm_typ_cg    21.197001       1    21.197001 b, d
-----------------------------------------------------------------------------
Total 1 references                                     21.197001
1
