 
****************************************
Report : timing
        -path full_clock
        -delay min
        -physical
        -derate
        -input_pins
        -nets
        -max_paths 1
        -transition_time
        -crosstalk_delta
        -capacitance
Design : gcdGCDUnit_rtl
Version: F-2011.09-ICC-SP4
Date   : Mon Sep 10 12:58:57 2012
****************************************

 * Some/all delay information is back-annotated.

Operating Conditions: TYPICAL   Library: saed90nm_typ

  Startpoint: reset (input port clocked by ideal_clock1)
  Endpoint: GCDctrl0/state_reg_0_
            (rising edge-triggered flip-flop clocked by ideal_clock1)
  Path Group: REGIN
  Path Type: min

Attributes:
    d - dont_touch
    u - dont_use
   mo - map_only
   so - size_only
    i - ideal_net or ideal_network

  Point                        Fanout       Cap     DTran     Trans     Delta    Derate      Incr       Path      Location / Load        Attributes
  -------------------------------------------------------------------------------------------------------------------------------------------------
  clock ideal_clock1 (rise edge)                                                            0.000      0.000
  clock network delay (ideal)                                                               0.000      0.000
  input external delay                                                                      0.200      0.200 r
  reset (in)                                                  0.054               0.990     0.019      0.219 r    ( 0.00,13.92)
  reset (net)                    3       15.866                                   0.990     0.000      0.219 r    [7.11,15.87]
  GCDctrl0/reset (gcdGCDUnitCtrl)                                                 0.990     0.000      0.219 r    (netlink)
  GCDctrl0/reset (net)                   15.866                                   0.990     0.000      0.219 r    [7.11,15.87]
  GCDctrl0/U17/IN2 (NOR2X0)                         0.000     0.054     0.000     0.990     0.000 *    0.219 r    (34.13,32.47)
  GCDctrl0/U17/QN (NOR2X0)                                    0.034               0.990     0.039      0.259 f    (34.33,31.23)
  GCDctrl0/n14 (net)             1        2.389                                   0.990     0.000      0.259 f    [0.72,2.39]
  GCDctrl0/state_reg_0_/D (DFFX1)                   0.000     0.034     0.000     0.990     0.000 *    0.259 f    (31.11,34.13)          so 
  data arrival time                                                                                    0.259

  clock ideal_clock1 (rise edge)                                                            0.000      0.000
  clock network delay (ideal)                                                               0.000      0.000
  GCDctrl0/state_reg_0_/CLK (DFFX1)                                                         0.000      0.000 r
  library hold time                                                                        -0.008     -0.008
  data required time                                                                                  -0.008
  -------------------------------------------------------------------------------------------------------------------------------------------------
  data required time                                                                                  -0.008
  data arrival time                                                                                   -0.259
  -------------------------------------------------------------------------------------------------------------------------------------------------
  slack (MET)                                                                                          0.267


  Startpoint: GCDdpath0/A_reg_reg_6_
              (rising edge-triggered flip-flop clocked by ideal_clock1)
  Endpoint: result_bits_data[6]
            (output port clocked by ideal_clock1)
  Path Group: REGOUT
  Path Type: min

Attributes:
    d - dont_touch
    u - dont_use
   mo - map_only
   so - size_only
    i - ideal_net or ideal_network

  Point                                       Fanout       Cap     DTran     Trans     Delta    Derate      Incr       Path      Location / Load        Attributes
  ----------------------------------------------------------------------------------------------------------------------------------------------------------------
  clock ideal_clock1 (rise edge)                                                                           0.000      0.000
  clock network delay (ideal)                                                                              0.000      0.000
  GCDdpath0/A_reg_reg_6_/CLK (DFFARX1)                             0.000     0.000     0.000     0.990     0.000      0.000 r    (42.04,51.42)          so i 
  GCDdpath0/A_reg_reg_6_/Q (DFFARX1)                                         0.056               0.990     0.179      0.179 r    (50.89,51.02)          so 
  GCDdpath0/result_bits_data[6] (net)           2        8.779                                   0.990     0.000      0.179 r    [6.41,8.78]
  GCDdpath0/result_bits_data[6] (gcdGCDUnitDpath_W16)                                            0.990     0.000      0.179 r    (netlink)
  result_bits_data[6] (net)                              8.779                                   0.990     0.000      0.179 r    [6.41,8.78]
  result_bits_data[6] (out)                                        0.000     0.056     0.000     0.990     0.000 *    0.179 r    (50.24, 0.00)
  data arrival time                                                                                                   0.179

  clock ideal_clock1 (rise edge)                                                                           0.000      0.000
  clock network delay (ideal)                                                                              0.000      0.000
  output external delay                                                                                   -0.200     -0.200
  data required time                                                                                                 -0.200
  ----------------------------------------------------------------------------------------------------------------------------------------------------------------
  data required time                                                                                                 -0.200
  data arrival time                                                                                                  -0.179
  ----------------------------------------------------------------------------------------------------------------------------------------------------------------
  slack (MET)                                                                                                         0.379


  Startpoint: GCDdpath0/B_reg_reg_6_
              (rising edge-triggered flip-flop clocked by ideal_clock1)
  Endpoint: GCDdpath0/A_reg_reg_6_
            (rising edge-triggered flip-flop clocked by ideal_clock1)
  Path Group: ideal_clock1
  Path Type: min

Attributes:
    d - dont_touch
    u - dont_use
   mo - map_only
   so - size_only
    i - ideal_net or ideal_network

  Point                                       Fanout       Cap     DTran     Trans     Delta    Derate      Incr       Path      Location / Load        Attributes
  ----------------------------------------------------------------------------------------------------------------------------------------------------------------
  clock ideal_clock1 (rise edge)                                                                           0.000      0.000
  clock network delay (ideal)                                                                              0.000      0.000
  GCDdpath0/B_reg_reg_6_/CLK (DFFARX1)                             0.000     0.000     0.000     0.990     0.000      0.000 r    (37.24,48.90)          so i 
  GCDdpath0/B_reg_reg_6_/QN (DFFARX1)                                        0.046               0.990     0.128      0.128 r    (45.63,49.10)          so 
  GCDdpath0/n129 (net)                          1        2.966                                   0.990     0.000      0.128 r    [1.43,2.97]
  GCDdpath0/U181/IN2 (NAND2X0)                                     0.000     0.046     0.000     0.990     0.000 *    0.128 r    (35.72,52.08)
  GCDdpath0/U181/QN (NAND2X0)                                                0.053               0.990     0.038      0.166 f    (35.16,51.79)
  GCDdpath0/n130 (net)                          1        3.019                                   0.990     0.000      0.166 f    [0.47,3.02]
  GCDdpath0/dp_ipo333/IN3 (NAND3X0)                                0.000     0.053     0.000     0.990     0.000 *    0.166 f    (35.00,55.27)
  GCDdpath0/dp_ipo333/QN (NAND3X0)                                           0.047               0.990     0.045      0.211 r    (34.22,54.12)
  GCDdpath0/n144 (net)                          1        3.866                                   0.990     0.000      0.211 r    [1.07,3.87]
  GCDdpath0/U68/IN1 (NAND2X1)                                      0.000     0.047     0.000     0.990     0.000 *    0.211 r    (44.26,53.97)
  GCDdpath0/U68/QN (NAND2X1)                                                 0.034               0.990     0.025      0.236 f    (44.30,54.57)
  GCDdpath0/A_next[6] (net)                     1        2.069                                   0.990     0.000      0.236 f    [0.57,2.07]
  GCDdpath0/A_reg_reg_6_/D (DFFARX1)                               0.000     0.034     0.000     0.990     0.000 *    0.236 f    (41.51,52.62)          so 
  data arrival time                                                                                                   0.236

  clock ideal_clock1 (rise edge)                                                                           0.000      0.000
  clock network delay (ideal)                                                                              0.000      0.000
  GCDdpath0/A_reg_reg_6_/CLK (DFFARX1)                                                                     0.000      0.000 r
  library hold time                                                                                       -0.014     -0.014
  data required time                                                                                                 -0.014
  ----------------------------------------------------------------------------------------------------------------------------------------------------------------
  data required time                                                                                                 -0.014
  data arrival time                                                                                                  -0.236
  ----------------------------------------------------------------------------------------------------------------------------------------------------------------
  slack (MET)                                                                                                         0.249


1
