 
****************************************
Report : constraint
        -all_violators
        -max_delay
        -min_delay
        -max_capacitance
        -max_transition
Design : gcdGCDUnit_rtl
Version: F-2011.09-ICC-SP4
Date   : Mon Sep 10 12:58:51 2012
****************************************


   max_delay/setup ('ideal_clock1' group)

                             Required        Actual
   Endpoint                 Path Delay     Path Delay        Slack
   -----------------------------------------------------------------
   GCDdpath0/A_reg_reg_2_/D    0.804          0.932 r       -0.128  (VIOLATED)
   GCDdpath0/A_reg_reg_1_/D    0.803          0.930 r       -0.127  (VIOLATED)
   GCDdpath0/A_reg_reg_3_/D    0.808          0.930 r       -0.122  (VIOLATED)
   GCDdpath0/A_reg_reg_4_/D    0.803          0.921 r       -0.118  (VIOLATED)
   GCDdpath0/A_reg_reg_5_/D    0.804          0.910 r       -0.107  (VIOLATED)
   GCDdpath0/A_reg_reg_7_/D    0.803          0.899 r       -0.096  (VIOLATED)
   GCDdpath0/A_reg_reg_0_/D    0.803          0.898 r       -0.094  (VIOLATED)
   GCDdpath0/A_reg_reg_6_/D    0.808          0.902 r       -0.094  (VIOLATED)
   GCDdpath0/A_reg_reg_10_/D    0.802         0.892 r       -0.089  (VIOLATED)
   GCDdpath0/A_reg_reg_11_/D    0.802         0.888 r       -0.085  (VIOLATED)
   GCDdpath0/A_reg_reg_15_/D    0.803         0.888 r       -0.084  (VIOLATED)
   GCDdpath0/A_reg_reg_8_/D    0.803          0.887 r       -0.084  (VIOLATED)
   GCDdpath0/A_reg_reg_14_/D    0.803         0.883 r       -0.080  (VIOLATED)
   GCDdpath0/A_reg_reg_9_/D    0.804          0.881 r       -0.077  (VIOLATED)
   GCDdpath0/A_reg_reg_12_/D    0.805         0.874 r       -0.069  (VIOLATED)
   GCDdpath0/A_reg_reg_13_/D    0.806         0.873 r       -0.067  (VIOLATED)
   GCDdpath0/B_reg_reg_0_/D    0.811          0.817 r       -0.006  (VIOLATED)
   GCDdpath0/B_reg_reg_6_/D    0.812          0.817 r       -0.005  (VIOLATED)
   GCDdpath0/B_reg_reg_2_/D    0.812          0.815 r       -0.003  (VIOLATED)
   GCDdpath0/clk_gate_A_reg_reg/latch/EN    0.809    0.810 f   -0.001 (VIOLATED)
   GCDdpath0/B_reg_reg_4_/D    0.814          0.814 r        0.000  (VIOLATED: increase signficant digits)


1
