 
****************************************
Report : timing
        -path full_clock
        -delay max
        -physical
        -derate
        -input_pins
        -nets
        -max_paths 1
        -transition_time
        -crosstalk_delta
        -capacitance
Design : gcdGCDUnit_rtl
Version: F-2011.09-ICC-SP4
Date   : Mon Sep 10 12:58:57 2012
****************************************

 * Some/all delay information is back-annotated.

Operating Conditions: TYPICAL   Library: saed90nm_typ

  Startpoint: operands_val
              (input port clocked by ideal_clock1)
  Endpoint: GCDdpath0/clk_gate_A_reg_reg/latch
            (gating element for clock ideal_clock1)
  Path Group: REGIN
  Path Type: max

Attributes:
    d - dont_touch
    u - dont_use
   mo - map_only
   so - size_only
    i - ideal_net or ideal_network

  Point                                       Fanout       Cap     DTran     Trans     Delta    Derate      Incr       Path      Location / Load        Attributes
  ----------------------------------------------------------------------------------------------------------------------------------------------------------------
  clock ideal_clock1 (rise edge)                                                                           0.000      0.000
  clock network delay (ideal)                                                                              0.000      0.000
  input external delay                                                                                     0.200      0.200 f
  operands_val (in)                                                          0.054               1.010     0.024      0.224 f    (129.28,74.72)
  operands_val (net)                            2       19.116                                   1.010     0.000      0.224 f    [15.29,19.12]
  GCDctrl0/operands_val (gcdGCDUnitCtrl)                                                         1.010     0.000      0.224 f    (netlink)
  GCDctrl0/operands_val (net)                           19.116                                   1.010     0.000      0.224 f    [15.29,19.12]
  GCDctrl0/U11/IN2 (NAND2X0)                                       0.000     0.054     0.000     1.010     0.001 *    0.225 f    (46.03,42.48)
  GCDctrl0/U11/QN (NAND2X0)                                                  0.072               1.010     0.037      0.262 r    (46.60,42.76)
  GCDctrl0/n4 (net)                             1        1.810                                   1.010     0.000      0.262 r    [0.27,1.81]
  GCDctrl0/U10/IN2 (NAND2X0)                                       0.000     0.072     0.000     1.010     0.000 *    0.262 r    (45.01,42.48)
  GCDctrl0/U10/QN (NAND2X0)                                                  0.085               1.010     0.057      0.319 f    (44.44,42.76)
  GCDctrl0/B_en (net)                           2        6.456                                   1.010     0.000      0.319 f    [2.41,6.46]
  GCDctrl0/U25/IN1 (OR2X1)                                         0.000     0.085     0.000     1.010     0.000 *    0.319 f    (32.48,46.33)
  GCDctrl0/U25/Q (OR2X1)                                                     0.027               1.010     0.056      0.375 f    (33.73,46.32)
  GCDctrl0/A_en (net)                           1        2.152                                   1.010     0.000      0.375 f    [0.76,2.15]
  GCDctrl0/A_en (gcdGCDUnitCtrl)                                                                 1.010     0.000      0.375 f    (netlink)
  A_en (net)                                             2.152                                   1.010     0.000      0.375 f    [0.76,2.15]
  GCDdpath0/A_en (gcdGCDUnitDpath_W16)                                                           1.010     0.000      0.375 f    (netlink)
  GCDdpath0/A_en (net)                                   2.152                                   1.010     0.000      0.375 f    [0.76,2.15]
  GCDdpath0/clk_gate_A_reg_reg/EN (SNPS_CLOCK_GATE_HIGH_gcdGCDUnitDpath_W16_1)                   1.010     0.000      0.375 f    (netlink)
  GCDdpath0/clk_gate_A_reg_reg/EN (net)                  2.152                                   1.010     0.000      0.375 f    [0.76,2.15]
  GCDdpath0/clk_gate_A_reg_reg/latch/EN (CGLPPRX2)                 0.000     0.027     0.000     1.010     0.000 *    0.375 f    (32.24,42.81)          d u 
  data arrival time                                                                                                   0.375

  clock ideal_clock1 (rise edge)                                                                           0.900      0.900
  clock network delay (ideal)                                                                              0.000      0.900
  GCDdpath0/clk_gate_A_reg_reg/latch/CLK (CGLPPRX2)                                                        0.000      0.900 r
  clock gating setup time                                                                                 -0.091      0.809
  data required time                                                                                                  0.809
  ----------------------------------------------------------------------------------------------------------------------------------------------------------------
  data required time                                                                                                  0.809
  data arrival time                                                                                                  -0.375
  ----------------------------------------------------------------------------------------------------------------------------------------------------------------
  slack (MET)                                                                                                         0.434


  Startpoint: GCDdpath0/A_reg_reg_2_
              (rising edge-triggered flip-flop clocked by ideal_clock1)
  Endpoint: result_bits_data[2]
            (output port clocked by ideal_clock1)
  Path Group: REGOUT
  Path Type: max

Attributes:
    d - dont_touch
    u - dont_use
   mo - map_only
   so - size_only
    i - ideal_net or ideal_network

  Point                                       Fanout       Cap     DTran     Trans     Delta    Derate      Incr       Path      Location / Load        Attributes
  ----------------------------------------------------------------------------------------------------------------------------------------------------------------
  clock ideal_clock1 (rise edge)                                                                           0.000      0.000
  clock network delay (ideal)                                                                              0.000      0.000
  GCDdpath0/A_reg_reg_2_/CLK (DFFARX1)                             0.000     0.000     0.000     1.010     0.000      0.000 r    (78.85,39.90)          so i 
  GCDdpath0/A_reg_reg_2_/Q (DFFARX1)                                         0.067               1.010     0.212      0.212 f    (87.69,39.50)          so 
  GCDdpath0/result_bits_data[2] (net)           4       15.184                                   1.010     0.000      0.212 f    [2.58,15.18]
  GCDdpath0/result_bits_data[2] (gcdGCDUnitDpath_W16)                                            1.010     0.000      0.212 f    (netlink)
  n14 (net)                                             15.184                                   1.010     0.000      0.212 f    [2.58,15.18]
  dp_ipo6/INP (INVX0)                                              0.000     0.067     0.000     1.010     0.000 *    0.212 f    (85.13,37.05)
  dp_ipo6/ZN (INVX0)                                                         0.046               1.010     0.029      0.241 r    (84.66,37.03)
  n6 (net)                                      1        2.977                                   1.010     0.000      0.241 r    [1.07,2.98]
  dp_ipo5/INP (INVX0)                                              0.000     0.046     0.000     1.010     0.000 *    0.241 r    (89.11,40.23)
  dp_ipo5/ZN (INVX0)                                                         0.033               1.010     0.026      0.267 f    (89.58,40.25)
  n5 (net)                                      1        2.806                                   1.010     0.000      0.267 f    [0.90,2.81]
  dp_ipo10/INP (INVX0)                                             0.000     0.033     0.000     1.010     0.000 *    0.267 f    (87.05,37.05)
  dp_ipo10/ZN (INVX0)                                                        0.034               1.010     0.022      0.289 r    (86.58,37.03)
  n10 (net)                                     1        2.668                                   1.010     0.000      0.289 r    [0.77,2.67]
  dp_ipo9/INP (INVX0)                                              0.000     0.034     0.000     1.010     0.000 *    0.289 r    (88.97,34.47)
  dp_ipo9/ZN (INVX0)                                                         0.042               1.010     0.032      0.321 f    (88.50,34.49)
  result_bits_data[2] (net)                     1        5.448                                   1.010     0.000      0.321 f    [5.44,5.45]
  result_bits_data[2] (out)                                        0.000     0.042     0.000     1.010     0.000 *    0.321 f    (88.64, 0.00)
  data arrival time                                                                                                   0.321

  clock ideal_clock1 (rise edge)                                                                           0.900      0.900
  clock network delay (ideal)                                                                              0.000      0.900
  output external delay                                                                                   -0.200      0.700
  data required time                                                                                                  0.700
  ----------------------------------------------------------------------------------------------------------------------------------------------------------------
  data required time                                                                                                  0.700
  data arrival time                                                                                                  -0.321
  ----------------------------------------------------------------------------------------------------------------------------------------------------------------
  slack (MET)                                                                                                         0.379


  Startpoint: GCDdpath0/B_reg_reg_8_
              (rising edge-triggered flip-flop clocked by ideal_clock1)
  Endpoint: GCDdpath0/A_reg_reg_8_
            (rising edge-triggered flip-flop clocked by ideal_clock1)
  Path Group: ideal_clock1
  Path Type: max

Attributes:
    d - dont_touch
    u - dont_use
   mo - map_only
   so - size_only
    i - ideal_net or ideal_network

  Point                                       Fanout       Cap     DTran     Trans     Delta    Derate      Incr       Path      Location / Load        Attributes
  ----------------------------------------------------------------------------------------------------------------------------------------------------------------
  clock ideal_clock1 (rise edge)                                                                           0.000      0.000
  clock network delay (ideal)                                                                              0.000      0.000
  GCDdpath0/B_reg_reg_8_/CLK (DFFARX1)                             0.000     0.000     0.000     1.010     0.000      0.000 r    (44.28,97.50)          so i 
  GCDdpath0/B_reg_reg_8_/Q (DFFARX1)                                         0.051               1.010     0.179      0.179 r    (53.13,97.10)          so 
  GCDdpath0/B_reg[8] (net)                      2        6.876                                   1.010     0.000      0.179 r    [2.98,6.88]
  GCDdpath0/U152/IN2 (NAND2X0)                                     0.000     0.051     0.000     1.010     0.000 *    0.179 r    (52.76,88.56)
  GCDdpath0/U152/QN (NAND2X0)                                                0.119               1.010     0.074      0.253 f    (53.32,88.85)
  GCDdpath0/n192 (net)                          3       11.138                                   1.010     0.000      0.253 f    [4.87,11.14]
  GCDdpath0/dp_ipo324/IN2 (NAND2X1)                                0.000     0.119     0.000     1.010     0.000 *    0.253 f    (68.11,86.65)
  GCDdpath0/dp_ipo324/QN (NAND2X1)                                           0.069               1.010     0.044      0.297 r    (68.50,86.07)
  GCDdpath0/n63 (net)                           1        4.377                                   1.010     0.000      0.297 r    [2.47,4.38]
  GCDdpath0/dp_ipo326/INP (INVX0)                                  0.000     0.069     0.000     1.010     0.000 *    0.297 r    (74.39,74.79)
  GCDdpath0/dp_ipo326/ZN (INVX0)                                             0.040               1.010     0.030      0.328 f    (74.86,74.81)
  GCDdpath0/n70 (net)                           1        3.109                                   1.010     0.000      0.328 f    [0.56,3.11]
  GCDdpath0/dp_ipo325/IN2 (NAND3X0)                                0.000     0.040     0.000     1.010     0.000 *    0.328 f    (73.65,77.05)
  GCDdpath0/dp_ipo325/QN (NAND3X0)                                           0.075               1.010     0.044      0.372 r    (74.10,77.16)
  GCDdpath0/n5 (net)                            1        6.016                                   1.010     0.000      0.372 r    [0.52,6.02]
  GCDdpath0/dp_ipo345/IN1 (NOR2X2)                                 0.000     0.075     0.000     1.010     0.000 *    0.372 r    (70.39,77.03)
  GCDdpath0/dp_ipo345/QN (NOR2X2)                                            0.040               1.010     0.032      0.404 f    (70.81,77.17)
  GCDdpath0/n9 (net)                            1        5.796                                   1.010     0.000      0.404 f    [3.25,5.80]
  GCDdpath0/U14/IN2 (NAND3X0)                                      0.000     0.040     0.000     1.010     0.000 *    0.404 f    (83.25,65.53)
  GCDdpath0/U14/QN (NAND3X0)                                                 0.068               1.010     0.039      0.443 r    (83.70,65.64)
  GCDdpath0/n40 (net)                           1        4.071                                   1.010     0.000      0.443 r    [0.55,4.07]
  GCDdpath0/U93/INP (INVX1)                                        0.000     0.068     0.000     1.010     0.000 *    0.443 r    (87.53,65.86)
  GCDdpath0/U93/ZN (INVX1)                                                   0.050               1.010     0.038      0.481 f    (88.06,65.93)
  GCDdpath0/n59 (net)                           1       11.543                                   1.010     0.000      0.481 f    [0.57,11.54]
  GCDdpath0/U91/IN1 (NOR2X4)                                       0.000     0.050     0.000     1.010     0.000 *    0.481 f    (88.34,69.45)
  GCDdpath0/U91/QN (NOR2X4)                                                  0.065               1.010     0.036      0.517 r    (87.96,69.26)
  GCDdpath0/A_lt_B (net)                        4       25.077                                   1.010     0.000      0.517 r    [13.07,25.08]
  GCDdpath0/A_lt_B (gcdGCDUnitDpath_W16)                                                         1.010     0.000      0.517 r    (netlink)
  A_lt_B (net)                                          25.077                                   1.010     0.000      0.517 r    [13.07,25.08]
  GCDctrl0/A_lt_B (gcdGCDUnitCtrl)                                                               1.010     0.000      0.517 r    (netlink)
  GCDctrl0/A_lt_B (net)                                 25.077                                   1.010     0.000      0.517 r    [13.07,25.08]
  GCDctrl0/U5/IN1 (NAND2X2)                                        0.000     0.065     0.000     1.010     0.001 *    0.518 r    (49.04,40.26)
  GCDctrl0/U5/QN (NAND2X2)                                                   0.040               1.010     0.027      0.545 f    (49.13,40.00)
  GCDctrl0/B_mux_sel_BAR (net)                  1        7.084                                   1.010     0.000      0.545 f    [0.52,7.08]
  GCDctrl0/B_mux_sel_BAR (gcdGCDUnitCtrl)                                                        1.010     0.000      0.545 f    (netlink)
  n11 (net)                                              7.084                                   1.010     0.000      0.545 f    [0.52,7.08]
  dp_ipo4/INP (NBUFFX16)                                           0.000     0.040     0.000     1.010     0.000 *    0.545 f    (48.53,42.80)
  dp_ipo4/Z (NBUFFX16)                                                       0.053               1.010     0.086      0.632 f    (53.04,42.98)
  n12 (net)                                     9      140.610                                   1.010     0.000      0.632 f    [12.49,140.61]
  GCDdpath0/A_mux_sel_0__BAR (gcdGCDUnitDpath_W16)                                               1.010     0.000      0.632 f    (netlink)
  GCDdpath0/A_mux_sel_0__BAR (net)                     140.610                                   1.010     0.000      0.632 f    [12.49,140.61]
  GCDdpath0/dp_ipo314/INP (INVX32)                                 0.000     0.053     0.000     1.010     0.001 *    0.633 f    (60.30,45.86)
  GCDdpath0/dp_ipo314/ZN (INVX32)                                            0.041               1.010     0.026      0.658 r    (63.49,45.65)
  GCDdpath0/n343 (net)                         51      220.386                                   1.010     0.000      0.658 r    [54.23,220.39]
  GCDdpath0/U172/IN1 (NOR2X0)                                      0.000     0.041     0.000     1.010     0.005 *    0.663 r    (33.99,92.49)
  GCDdpath0/U172/QN (NOR2X0)                                                 0.050               1.010     0.036      0.699 f    (34.31,92.13)
  GCDdpath0/n165 (net)                          1        3.769                                   1.010     0.000      0.699 f    [1.48,3.77]
  GCDdpath0/U47/IN1 (NOR2X0)                                       0.000     0.050     0.000     1.010     0.000 *    0.699 f    (40.07,86.73)
  GCDdpath0/U47/QN (NOR2X0)                                                  0.055               1.010     0.031      0.729 r    (40.38,86.37)
  GCDdpath0/n168 (net)                          1        2.270                                   1.010     0.000      0.729 r    [0.58,2.27]
  GCDdpath0/U61/IN1 (NAND2X0)                                      0.000     0.055     0.000     1.010     0.000 *    0.729 r    (43.67,85.54)
  GCDdpath0/U61/QN (NAND2X0)                                                 0.052               1.010     0.037      0.766 f    (43.80,86.36)
  GCDdpath0/n188 (net)                          1        2.199                                   1.010     0.000      0.766 f    [0.51,2.20]
  GCDdpath0/U62/IN1 (NAND2X0)                                      0.000     0.052     0.000     1.010     0.000 *    0.766 f    (43.03,83.90)
  GCDdpath0/U62/QN (NAND2X0)                                                 0.062               1.010     0.036      0.802 r    (43.16,83.08)
  GCDdpath0/A_next[8] (net)                     1        2.606                                   1.010     0.000      0.802 r    [1.11,2.61]
  GCDdpath0/A_reg_reg_8_/D (DFFARX1)                               0.000     0.062     0.000     1.010     0.000 *    0.802 r    (40.23,88.02)          so 
  data arrival time                                                                                                   0.802

  clock ideal_clock1 (rise edge)                                                                           0.900      0.900
  clock network delay (ideal)                                                                              0.000      0.900
  GCDdpath0/A_reg_reg_8_/CLK (DFFARX1)                                                                     0.000      0.900 r
  library setup time                                                                                      -0.096      0.804
  data required time                                                                                                  0.804
  ----------------------------------------------------------------------------------------------------------------------------------------------------------------
  data required time                                                                                                  0.804
  data arrival time                                                                                                  -0.802
  ----------------------------------------------------------------------------------------------------------------------------------------------------------------
  slack (MET)                                                                                                         0.002


1
