 
****************************************
Report : reference
Design : gcdGCDUnit_rtl
Version: F-2011.09-ICC-SP4
Date   : Mon Sep 10 12:27:50 2012
****************************************

Attributes:
    b - black box (unknown)
   bo - allows boundary optimization
    d - dont_touch
   mo - map_only
    h - hierarchical
    n - noncombinational
    r - removable
    s - synthetic operator
    u - contains unmapped logic

Reference          Library       Unit Area   Count    Total Area   Attributes
-----------------------------------------------------------------------------
INVX0              saed90nm_typ     5.529600      18    99.532803 
INVX4              saed90nm_typ     9.216000       1     9.216000 
INVX8              saed90nm_typ    14.745600       2    29.491199 
gcdGCDUnitCtrl                  279.244799       1    279.244799  h, n
gcdGCDUnitDpath_W16            3811.738041       1   3811.738041  b, h, n
-----------------------------------------------------------------------------
Total 5 references                                   4229.222842

****************************************
Design: gcdGCDUnitCtrl 
****************************************
Reference          Library       Unit Area   Count    Total Area   Attributes
-----------------------------------------------------------------------------
DFFX1              saed90nm_typ    24.883200       2    49.766399 n
INVX0              saed90nm_typ     5.529600       5    27.648001 
INVX2              saed90nm_typ     6.451200       1     6.451200 
INVX4              saed90nm_typ     9.216000       3    27.647999 
INVX8              saed90nm_typ    14.745600       1    14.745600 
NAND2X0            saed90nm_typ     5.529600       4    22.118401 
NAND2X1            saed90nm_typ     5.529600       4    22.118401 
NAND2X2            saed90nm_typ     9.216000       1     9.216000 
NAND3X1            saed90nm_typ    11.980800       1    11.980800 
NBUFFX2            saed90nm_typ     5.529600       3    16.588800 
NOR2X0             saed90nm_typ     5.529600       4    22.118401 
NOR2X2             saed90nm_typ     9.216000       1     9.216000 
NOR2X4             saed90nm_typ    14.745600       1    14.745600 
NOR3X0             saed90nm_typ     8.294400       1     8.294400 
OA21X1             saed90nm_typ     9.216000       1     9.216000 
OR2X1              saed90nm_typ     7.372800       1     7.372800 
-----------------------------------------------------------------------------
Total 16 references                                   279.244799

****************************************
Design: gcdGCDUnitDpath_W16 
****************************************
Reference          Library       Unit Area   Count    Total Area   Attributes
-----------------------------------------------------------------------------
AND2X1             saed90nm_typ     7.372800       2    14.745600 
AND4X1             saed90nm_typ    10.137600       1    10.137600 
AO21X1             saed90nm_typ    10.137600       1    10.137600 
DFFARX1            saed90nm_typ    32.256001      29   935.424015 n
DFFARX2            saed90nm_typ    34.099201       3   102.297604 n
INVX0              saed90nm_typ     5.529600      86   475.545612 
INVX1              saed90nm_typ     6.451200       5    32.256000 
INVX2              saed90nm_typ     6.451200      13    83.865600 
INVX4              saed90nm_typ     9.216000       1     9.216000 
INVX8              saed90nm_typ    14.745600       1    14.745600 
MUX21X1            saed90nm_typ    11.059200      17   188.006405 
NAND2X0            saed90nm_typ     5.529600      53   293.068808 
NAND2X1            saed90nm_typ     5.529600      49   270.950407 
NAND2X2            saed90nm_typ     9.216000      23   211.967991 
NAND2X4            saed90nm_typ    14.745600       2    29.491199 
NAND3X0            saed90nm_typ     7.372800      17   125.337598 
NAND3X1            saed90nm_typ    11.980800       7    83.865598 
NAND4X0            saed90nm_typ     8.294400       2    16.588800 
NBUFFX2            saed90nm_typ     5.529600       1     5.529600 
NOR2X0             saed90nm_typ     5.529600      57   315.187208 
NOR2X1             saed90nm_typ     6.451200       6    38.707200 
NOR2X2             saed90nm_typ     9.216000      14   129.023994 
NOR2X4             saed90nm_typ    14.745600       5    73.727999 
NOR3X0             saed90nm_typ     8.294400       1     8.294400 
NOR4X0             saed90nm_typ     9.216000       5    46.079998 
OR2X1              saed90nm_typ     7.372800       7    51.609599 
SNPS_CLOCK_GATE_HIGH_gcdGCDUnitDpath_W16_0    21.197001       1    21.197001 b, h
SNPS_CLOCK_GATE_HIGH_gcdGCDUnitDpath_W16_1    21.197001       1    21.197001 b, h
XOR2X1             saed90nm_typ    13.824000      14   193.536005 
-----------------------------------------------------------------------------
Total 29 references                                  3811.738041

****************************************
Design: SNPS_CLOCK_GATE_HIGH_gcdGCDUnitDpath_W16_0 
****************************************
Reference          Library       Unit Area   Count    Total Area   Attributes
-----------------------------------------------------------------------------
CGLPPRX2           saed90nm_typ_cg    21.197001       1    21.197001 b, d
-----------------------------------------------------------------------------
Total 1 references                                     21.197001

****************************************
Design: SNPS_CLOCK_GATE_HIGH_gcdGCDUnitDpath_W16_1 
****************************************
Reference          Library       Unit Area   Count    Total Area   Attributes
-----------------------------------------------------------------------------
CGLPPRX2           saed90nm_typ_cg    21.197001       1    21.197001 b, d
-----------------------------------------------------------------------------
Total 1 references                                     21.197001
1
