 
****************************************
Report : reference
Design : gcdGCDUnit_rtl
Version: F-2011.09-SP4
Date   : Mon Sep 10 12:56:04 2012
****************************************

Attributes:
    b - black box (unknown)
   bo - allows boundary optimization
    d - dont_touch
   mo - map_only
    h - hierarchical
    n - noncombinational
    r - removable
    s - synthetic operator
    u - contains unmapped logic

Reference          Library       Unit Area   Count    Total Area   Attributes
-----------------------------------------------------------------------------
NBUFFX8            saed90nm_typ    14.745600       1    14.745600 
gcdGCDUnitCtrl                  185.241601       1    185.241601  h, n
gcdGCDUnitDpath_W16            3180.442050       1   3180.442050  b, h, n
-----------------------------------------------------------------------------
Total 3 references                                   3380.429251

****************************************
Design: gcdGCDUnitCtrl 
****************************************
Reference          Library       Unit Area   Count    Total Area   Attributes
-----------------------------------------------------------------------------
DFFX1              saed90nm_typ    24.883200       2    49.766399 n
INVX0              saed90nm_typ     5.529600       4    22.118401 
NAND2X0            saed90nm_typ     5.529600       9    49.766401 
NAND3X0            saed90nm_typ     7.372800       1     7.372800 
NOR2X0             saed90nm_typ     5.529600       4    22.118401 
NOR2X2             saed90nm_typ     9.216000       1     9.216000 
NOR3X0             saed90nm_typ     8.294400       1     8.294400 
OA21X1             saed90nm_typ     9.216000       1     9.216000 
OR2X1              saed90nm_typ     7.372800       1     7.372800 
-----------------------------------------------------------------------------
Total 9 references                                    185.241601

****************************************
Design: gcdGCDUnitDpath_W16 
****************************************
Reference          Library       Unit Area   Count    Total Area   Attributes
-----------------------------------------------------------------------------
AND2X1             saed90nm_typ     7.372800       1     7.372800 
AND4X1             saed90nm_typ    10.137600       1    10.137600 
AO21X1             saed90nm_typ    10.137600       1    10.137600 
DFFARX1            saed90nm_typ    32.256001      32  1032.192017 n
INVX0              saed90nm_typ     5.529600      32   176.947205 
INVX1              saed90nm_typ     6.451200       6    38.707200 
INVX2              saed90nm_typ     6.451200       1     6.451200 
INVX16             saed90nm_typ    25.804800       1    25.804800 
MUX21X1            saed90nm_typ    11.059200      17   188.006405 
NAND2X0            saed90nm_typ     5.529600      96   530.841614 
NAND2X1            saed90nm_typ     5.529600      24   132.710403 
NAND2X2            saed90nm_typ     9.216000       3    27.647999 
NAND3X0            saed90nm_typ     7.372800      23   169.574397 
NAND4X0            saed90nm_typ     8.294400       4    33.177601 
NOR2X0             saed90nm_typ     5.529600      66   364.953609 
NOR2X1             saed90nm_typ     6.451200       3    19.353600 
NOR2X2             saed90nm_typ     9.216000       6    55.295998 
NOR3X0             saed90nm_typ     8.294400       1     8.294400 
NOR4X0             saed90nm_typ     9.216000       6    55.295998 
OR2X1              saed90nm_typ     7.372800       7    51.609599 
SNPS_CLOCK_GATE_HIGH_gcdGCDUnitDpath_W16_0    21.197001       1    21.197001 b, h
SNPS_CLOCK_GATE_HIGH_gcdGCDUnitDpath_W16_1    21.197001       1    21.197001 b, h
XOR2X1             saed90nm_typ    13.824000      14   193.536005 
-----------------------------------------------------------------------------
Total 23 references                                  3180.442050

****************************************
Design: SNPS_CLOCK_GATE_HIGH_gcdGCDUnitDpath_W16_0 
****************************************
Reference          Library       Unit Area   Count    Total Area   Attributes
-----------------------------------------------------------------------------
CGLPPRX2           saed90nm_typ_cg    21.197001       1    21.197001 b, d
-----------------------------------------------------------------------------
Total 1 references                                     21.197001

****************************************
Design: SNPS_CLOCK_GATE_HIGH_gcdGCDUnitDpath_W16_1 
****************************************
Reference          Library       Unit Area   Count    Total Area   Attributes
-----------------------------------------------------------------------------
CGLPPRX2           saed90nm_typ_cg    21.197001       1    21.197001 b, d
-----------------------------------------------------------------------------
Total 1 references                                     21.197001
1
