 
****************************************
Report : area
Design : gcdGCDUnit_rtl
Version: F-2011.09-SP4
Date   : Mon Sep 10 12:56:04 2012
****************************************

Library(s) Used:

    saed90nm_typ (File: /home/ff/cs250/stdcells/synopsys-90nm/default/db/cells.db)
    saed90nm_typ_cg (File: /home/ff/cs250/stdcells/synopsys-90nm/default/db/cells_cg.db)

Number of ports:                           54
Number of nets:                            61
Number of cells:                            3
Number of combinational cells:              1
Number of sequential cells:                 0
Number of macros:                           0
Number of buf/inv:                          1
Number of references:                       3

Combinational area:       2256.076834
Noncombinational area:    1124.352417
Net Interconnect area:      undefined  (Wire load has zero net area)

Total cell area:          3380.429251
Total area:                 undefined

Core Area:                      5971
Aspect Ratio:                 1.0125
Utilization Ratio:            0.5660


The above information was reported from the logical library. The following are from the physical library:

  Total moveable cell area: 3380.4
  Total fixed cell area: 0.0
  Core area: (0 0 76800 77760)

Hierarchical area distribution
------------------------------

                                  Global cell area          Local cell area
                                  ------------------  ---------------------------- 
Hierarchical cell                 Absolute   Percent  Combi-     Noncombi-  Black
                                  Total      Total    national   national   boxes   Design
--------------------------------  ---------  -------  ---------  ---------  ------  ------------------------------------------
gcdGCDUnit_rtl                    3380.4293    100.0    14.7456     0.0000  0.0000  gcdGCDUnit_rtl
GCDctrl0                           185.2416      5.5   135.4752    49.7664  0.0000  gcdGCDUnitCtrl
GCDdpath0                         3180.4420     94.1  2105.8560  1032.1920  0.0000  gcdGCDUnitDpath_W16
GCDdpath0/clk_gate_A_reg_reg        21.1970      0.6     0.0000    21.1970  0.0000  SNPS_CLOCK_GATE_HIGH_gcdGCDUnitDpath_W16_1
GCDdpath0/clk_gate_B_reg_reg        21.1970      0.6     0.0000    21.1970  0.0000  SNPS_CLOCK_GATE_HIGH_gcdGCDUnitDpath_W16_0
--------------------------------  ---------  -------  ---------  ---------  ------  ------------------------------------------
Total                                                 2256.0768  1124.3524  0.0000

1
