----------------------------------------
Report  : report_design_physical
          -all
          -floorplan
          -netlist
          -route
          -utilization
          -design_setup
Date    : Mon Sep 10 16:55:08 2012
Version : F-2011.09-ICC-SP4
--------------------------------------------------------------------------------
                            DESIGN SETUP INFORMATION
--------------------------------------------------------------------------------
Host Name             : bcom16.EECS.Berkeley.EDU
Working Directory     : /work/cs250-af/lab1-chisel/vlsi/build/icc-par/build-icc-2012-09-10_16-52
Library Name          : GCD_LIB
Cell Name             : chip_finish_icc.CEL;1
Library settings      :
  Search Path      : .
                     ./rm_icc_scripts
                     ./rm_icc_zrt_scripts
                     ./rm_icc_dp_scripts
                     /home/ff/cs250/stdcells/synopsys-90nm/default/db
                     /home/ff/cs250/stdcells/synopsys-90nm/default/mw
                     ../../dc-syn/current-dc/results
                     /home/ff/cs250/tools/synopsys/icc/current/libraries/syn
                     /home/ff/cs250/tools/synopsys/icc/current/minpower/syn
                     /home/ff/cs250/tools/synopsys/icc/current/dw/syn_ver
                     /home/ff/cs250/tools/synopsys/icc/current/dw/sim_ver
  Target Libraries : cells.db
                     cells_cg.db
  Link Libraries   : *
                     cells.db
                     cells_cg.db
  MW Ref Libraries : /home/ff/cs250/fa10/stdcells/synopsys-90nm/vendor/SAED_EDK90nm/Digital_Standard_Cell_Library/process/astro/fram/saed90nm_fr

Units                 :
                   Library   Milkyway  TechFile
    Time              ns        ns        ns
    Capacitance       fF        -         pF
    Resitance         MOhm      -         kOhm
    Power             -         -         pW
    Current           uA        uA        uA
    Voltage           V         V         V
--------------------------------------------------------------------------------
                              NETLIST INFORMATION
--------------------------------------------------------------------------------
CELL INSTANCE SECTION
---------------------
 Cell Instance Type       Count           Area     Sites
TOTAL LEAF CELLS            591        5133.31 unit:5570 
  Standard  Cells           591        5133.31 unit:5570 
  Antenna Cells               0           0.00 --
  STD Filler Cells            0           0.00 --
  Macro Cells                 0           0.00 --
    Block                     0           0.00 --
    HardMacros                0           0.00 --
    SoftMacros                0           0.00 --
    physBlackBox              0           0.00 --
    SoftFixed IO              0           0.00 --
  IOPad  Cells                0           0.00 --
    Pad Filler Cells          0           0.00 --
    FC Pad                    0           0.00 --
  Cover Cells                 0           0.00 --
  FC Driver Cells             0           0.00 --
  Chip Cells                  0           0.00 --
  Tap Cells                   0           0.00 --
  CornerPad Cells             0           0.00 --
  SpecialVia Cells            0           0.00 --
  StackVia Cells              0           0.00 --
  Other  Cells                0           0.00 --

  Spare Cells                 0           0.00 --
  Special cells               0           0.00 --
    Level Shifters            0           0.00 --
    Isolation                 0           0.00 --
    Switch                    0           0.00 --
    AlwaysOn                  0           0.00 --
    TieOff Cells              0           0.00 --

  NORMAL CELLS              591        5133.31 unit:5570 
  PHYSONLY CELLS              0           0.00 --
    STD Filler Cells          0           0.00 --
    PGPin Only Cells          0           0.00 --

  Combinational             555        4175.77 unit:4531 
  Sequential                 36         957.54 unit:1039 
  Others                      0           0.00 --

  Buffers                    45         529.92 unit:575 
  Inverters                 108         624.84 unit:678 
  Inverters/Buffers         153        1154.76 unit:1253 
  Latches                     0           0.00 --
  Flipflops                  34         915.15 unit:993 

  DoubleHeight                0           0.00 --
  TripleHeight                0           0.00 --
  MoreThanTriple              0           0.00 --

LogicalBlackBox cells         0           0.00 --

NET INFORMATION
---------------
NetType        Count FloatingNets      Vias  Nets/Cells
Signal           651            0      3432      1.102
Power              1            0       100      0.002
Ground             1            0        44      0.002
TieLow             0            0         0      0.000
TieHigh            0            0         0      0.000
Others             6            0       168      0.010
Total            659            0      3744      1.115
Feedthru           0            0         0      0.000

NET FANOUT AND PINCOUNT STATISTICS
----------------------------------
FanOut         NetCount    NetPins        NetCount
Less than 2         456    Less than 2           0
2                    99    2                   456
3                    58    3                    99
4                    24    4                    58
5                     7    5                    24
6-10                  8    6-10                 15
11-20                 4    11-20                 4
21-30                 0    21-30                 0
31-50                 1    31-50                 1
51-100                0    51-100                0
101-500               0    101-500               0
501-1000              0    501-1000              0
>1000                 0    >1000                 0

PORT and PIN INFORMATION
------------------------
Type     Total    Input   Output    INOUT  3-st    Power   Ground  Uncon Pin/net Pin/STDcell
Leaf      2903     1096      625     1182     0      591      591     4    4.41      4.91
Macro        0        0        0        0     0        0        0     0    0.00      0.00
Ports       56       36       18        2     0        1        1     1       -         -

MASTER INSTANTIATION INFORMATION
--------------------------------
No. of Masters Used: 32
Name                Type  InstCnt    LKgPwr  Height   Width     PinDens SiteName
NAND2X0             std       129 38742.230    2.88    1.92      0.9042 unit
INVX0               std        84 25413.820    2.88    1.92      0.7234 unit
NOR2X0              std        61 35283.340    2.88    1.92      0.9042 unit
NAND2X1             std        51 78585.344    2.88    1.92      0.9042 unit
NAND2X2             std        35 157171.906
                                               2.88    3.20      0.5425 unit
DELLN1X2            std        30 121282.797
                                               2.88    5.12      0.2713 unit
XOR2X1              std        29 89835.461    2.88    4.80      0.3617 unit
DFFX1               std        25 140823.500
                                               2.88    8.64      0.2411 unit
NOR2X2              std        20 98845.211    2.88    3.20      0.5425 unit
NBUFFX2             std        14 106129.102
                                               2.88    1.92      0.7234 unit
AOI21X1             std        13 86423.562    2.88    4.16      0.5008 unit
OAI21X1             std        13 88240.523    2.88    3.84      0.5425 unit
NOR2X1              std        12 49424.121    2.88    2.24      0.7750 unit
INVX1               std        12 52340.102    2.88    2.24      0.6200 unit
INVX2               std        10 104679.000
                                               2.88    2.24      0.6200 unit
NAND3X0             std        10 91514.078    2.88    2.56      0.8138 unit
NOR2X4              std         7 197687.406
                                               2.88    5.12      0.3391 unit
DFFSSRX1            std         6 977000.188
                                               2.88   11.52      0.2411 unit
NAND4X0             std         5 106084.297
                                               2.88    2.88      0.8439 unit
XNOR2X1             std         4 82874.273    2.88    4.80      0.3617 unit
NOR3X0              std         3 48439.090    2.88    2.88      0.7234 unit
DFFX2               std         3 206366.094
                                               2.88   10.88      0.1915 unit
AND2X1              std         3 56926.711    2.88    2.56      0.6782 unit
NAND2X4             std         2 314345.406
                                               2.88    5.12      0.3391 unit
CGLPPRX2            std         2 183250.000
                                               2.88    7.36      0.2831 unit
INVX4               std         2 209355.703
                                               2.88    3.20      0.4340 unit
NBUFFX4             std         1 209272.094
                                               2.88    3.52      0.3946 unit
OR2X1               std         1 58360.961    2.88    2.56      0.6782 unit
AO21X1              std         1 59356.309    2.88    3.52      0.5919 unit
NOR4X1              std         1 119171.297
                                               2.88    5.44      0.4468 unit
OR2X2               std         1 110618.297
                                               2.88    3.20      0.5425 unit
OR3X2               std         1 115957.000
                                               2.88    3.84      0.5425 unit
--------------------------------------------------------------------------------
                             FLOORPLAN INFORMATION
--------------------------------------------------------------------------------
SITE ROW INFORMATION
--------------------
Site Type     Hrows     Vrows      Tiles        Width      Height   Row area
unit             26         0       6084         0.32        2.88      5607.01

CHIP AND CORE INFORMATION
-------------------------
               Width         Height               Area
Core          74.880         74.880           5607.014
Chip         134.880        134.880          18192.614

ROUTE GUIDES SECTION
--------------------
No routeGuide exists

VOLTAGE AREA
------------
VA Name        Area       Util  bbox_llx  bbox_lly  bbox_urx  bbox_ury     GB-X      GB-Y

PLAN GROUPS
-----------
No plan group exists

EXCL MOVEBOUNDS
---------------
No exclusive movebound exists

BOUNDS SECTION
--------------
No Hard MoveBound exists
No Soft MoveBound exists
No GroupBound exists

RP GROUPS SECTION
-----------------
No RP Group exists

POWER DOMAINS SECTION
---------------------
No Power Domain exists

LAYERS SECTION
--------------
Name    Dir     Ign           Pitch   Spacing     Width
M1      Hor     NO            0.320     0.140     0.140
M2      Ver     NO            0.320     0.160     0.160
M3      Hor     NO            0.640     0.160     0.160
M4      Ver     NO            0.640     0.160     0.160
M5      Hor     NO            1.280     0.160     0.160
M6      Ver     NO            1.280     0.160     0.160
M7      Hor     NO            2.560     0.160     0.160
M8      Ver     NO            3.840     0.160     0.160
M9      Hor     NO            5.120     0.450     0.450
--------------------------------------------------------------------------------
                            UTILIZATION INFORMATION
--------------------------------------------------------------------------------
BLOCKAGES SECTION
-----------------
BLK Type           Count Islands  Area(um^2)    AreaOutsideCore(um^2)
                                                         Area(Sites)             NormArea(Sites)
Hard PB                0       0        0.00        0.00 ---                     ---
Soft PB                0       0        0.00        0.00 ---                     ---
Partial PB             0       0        0.00        0.00 ---                     ---
Pin PB                 0       0        0.00        0.00 ---                     ---
Hard Macro PB          0       0        0.00        0.00 ---                     ---
Macro Cell             0       0        0.00        0.00 ---                     ---
Pad Cell               0       0        0.00        0.00 ---                     ---
Fixed STD Cell         5       3       63.59        0.00 unit:69                 69
Hard KM Derived
                       0       0        0.00        0.00 ---                     ---
Soft KM Derived
                       0       0        0.00        0.00 ---                     ---
Complete PNet          0       0        0.00        0.00 ---                     ---
Partial PNet           0       0        0.00        0.00 ---                     ---
VA G-Band              0       0        0.00        0.00 ---                     ---
ExclMB G-band          0       0        0.00        0.00 ---                     ---
Gap BLK                0       0        0.00        0.00 ---                     ---
HardKeepout Distance BLK
                       0       0        0.00        0.00 ---                     ---

CELL INSTANCE SECTION
---------------------
 Cell Instance Type       Count           Area     Sites
  Placed Cells              591        5133.31 unit:5570 
    Fixed Cells               0           0.00 --
    Soft Fixed Cells          0           0.00 --
  Unplaced Cells              0           0.00 --

UTILIZATION RATIOS
------------------
Chip area           : 18192.61
Core area           : 5607.01
  SiteRow area      : 5607.01
Cell/Core Ratio     : 91.5516%
Cell/Chip Ratio     : 28.2165%
(A) Logical cell sites (non-fixed) :         5501
(B) Logical cell sites (fixed) :           69
(C) All blocked sites :           69
(D) Total core sites :         6084
Cell Utilization(non-fixed) = 91.45% (A) / (D - C)
                                              (5501) / (6084 - 69)
Cell Utilization(non-fixed + fixed) = 91.55% (A + B) / (D - (C - B))
                                              (5501 + 69) / (6084 - (69 - 69))
Blockage Percentage = 1.13% (C) / (D)
                                              (69) / (6084)

PNET OPTIONS INFORMATION
------------------------
Layer     Blockage MinWidth  MinHeight Via_additive    Density   DER minWidth
                                                                            DER minHeight
M1        none        ---       ---    Via additive     ---         ---        ---
M2        none        ---       ---    Via additive     ---         ---        ---
M3        none        ---       ---    Via additive     ---         ---        ---
M4        none        ---       ---    Via additive     ---         ---        ---
M5        none        ---       ---    Via additive     ---         ---        ---
M6        none        ---       ---    Via additive     ---         ---        ---
M7        none        ---       ---    Via additive     ---         ---        ---
M8        none        ---       ---    Via additive     ---         ---        ---
M9        none        ---       ---    Via additive     ---         ---        ---
--------------------------------------------------------------------------------
                               ROUTE INFORMATION
--------------------------------------------------------------------------------

Timing/Optimization Information:

Global Routing Information:
    layer M1, dir Hor, min width = 0.14, min space = 0.14 pitch = 0.32
    layer M2, dir Ver, min width = 0.16, min space = 0.16 pitch = 0.32
    layer M3, dir Hor, min width = 0.16, min space = 0.16 pitch = 0.64
    layer M4, dir Ver, min width = 0.16, min space = 0.16 pitch = 0.64
    layer M5, dir Hor, min width = 0.16, min space = 0.16 pitch = 1.28
    layer M6, dir Ver, min width = 0.16, min space = 0.16 pitch = 1.28
    layer M7, dir Hor, min width = 0.16, min space = 0.16 pitch = 2.56
    layer M8, dir Ver, min width = 0.16, min space = 0.16 pitch = 3.84
    layer M9, dir Hor, min width = 0.45, min space = 0.45 pitch = 5.12
     
    Average gCell capacity  6.25	 on layer (1)	 M1
    Average gCell capacity  9.12	 on layer (2)	 M2
    Average gCell capacity  4.55	 on layer (3)	 M3
    Average gCell capacity  4.54	 on layer (4)	 M4
    Average gCell capacity  2.26	 on layer (5)	 M5
    Average gCell capacity  2.26	 on layer (6)	 M6
    Average gCell capacity  1.13	 on layer (7)	 M7
    Average gCell capacity  0.09	 on layer (8)	 M8
    Average gCell capacity  0.15	 on layer (9)	 M9
     
    Initial. Both Dirs: Overflow =     8 Max = 1 GRCs =     8 (0.18%)
    Initial. H routing: Overflow =     8 Max = 1 (GRCs =  8) GRCs =     8 (0.36%)
    Initial. V routing: Overflow =     0 Max = 0 (GRCs =  0) GRCs =     0 (0.00%)
     
    phase1. Both Dirs: Overflow =     8 Max = 1 GRCs =     8 (0.18%)
    phase1. H routing: Overflow =     8 Max = 1 (GRCs =  8) GRCs =     8 (0.36%)
    phase1. V routing: Overflow =     0 Max = 0 (GRCs =  0) GRCs =     0 (0.00%)
     
    phase2. Both Dirs: Overflow =     8 Max = 1 GRCs =     8 (0.18%)
    phase2. H routing: Overflow =     8 Max = 1 (GRCs =  8) GRCs =     8 (0.36%)
    phase2. V routing: Overflow =     0 Max = 0 (GRCs =  0) GRCs =     0 (0.00%)
     
    Total Wire Length = 5.17
    Layer M1 wire length = 0.00
    Layer M2 wire length = 0.00
    Layer M3 wire length = 5.17
    Layer M4 wire length = 0.00
    Layer M5 wire length = 0.00
    Layer M6 wire length = 0.00
    Layer M7 wire length = 0.00
    Layer M8 wire length = 0.00
    Layer M9 wire length = 0.00
    Total Number of Contacts = 12
    Via VIA12C count = 5
    Via VIA23C count = 7
    Via VIA34C count = 0
    Via VIA45C count = 0
    Via VIA56C count = 0
    Via VIA67C count = 0
    Via VIA78C count = 0
    Via VIA89C count = 0
     
    Elapsed real time: 0:00:00
    Elapsed cpu time: sys = 0:00:00 usr = 0:00:00 total = 0:00:00
    Total Proc Memory(MB):  610

Track Assignment Information:
    Number of wires with overlap after iteration 0 = 29 of 47

    Number of wires with overlap after iteration 1 = 21 of 37

    Total M1 wire length: 7.7
    Total M2 wire length: 4.8
    Total M3 wire length: 5.6
    Total M4 wire length: 0.0
    Total M5 wire length: 0.0
    Total M6 wire length: 0.0
    Total M7 wire length: 0.0
    Total M8 wire length: 0.0
    Total M9 wire length: 0.0
    Total wire length: 18.2

    Elapsed real time: 0:00:00
    Elapsed cpu time: sys = 0:00:00 usr = 0:00:00 total = 0:00:00
    Total Proc Memory(MB):  610

Detailed Routing Information:
    

    ---------- Detail route ----------

     
    Iteration 0: DRC-SUMMARY:
    	@@@@@@@ TOTAL VIOLATIONS =	15
     
    Iteration 1: DRC-SUMMARY:
    	@@@@@@@ TOTAL VIOLATIONS =	0
     
    Elapsed real time: 0:00:01
    Elapsed cpu time: sys = 0:00:00 usr = 0:00:01 total = 0:00:01
    Total Proc Memory(MB):  610
     
    Cumulative run time upto current stage: Elapsed = 0:00:01 CPU = 0:00:01
     
    DR finished with 0 open nets, of which 0 are frozen
    DR finished with 0 violations
     
    DRC-SUMMARY:
    	@@@@@@@ TOTAL VIOLATIONS =	0
    Total number of nets = 656
    0 open nets, of which 0 are frozen
    Total number of excluded ports = 0 ports of 0 unplaced cells connected to 0 nets
                                     0 ports without pins of 0 cells connected to 0 nets
                                     0 ports of 0 cover cells connected to 0 non-pg nets
    Total number of DRCs = 0
    Total number of antenna violations = antenna checking not active
    Total number of voltage-area violations = no voltage-areas defined
    

    

     
    Elapsed real time: 0:00:00
    Elapsed cpu time: sys = 0:00:00 usr = 0:00:00 total = 0:00:00
    Total Proc Memory(MB):  610
     
    Cumulative run time upto current stage: Elapsed = 0:00:01 CPU = 0:00:01
    

    ---------- Eco detail route ----------

     
    Iteration 0: DRC-SUMMARY:
    	@@@@@@@ TOTAL VIOLATIONS =	7
     
    Iteration 1: DRC-SUMMARY:
    	@@@@@@@ TOTAL VIOLATIONS =	0
    DR finished with 0 violations
     
    DRC-SUMMARY:
    	@@@@@@@ TOTAL VIOLATIONS =	0
     
    Begin timing optimization in DR ...

     
    Iteration 0: DRC-SUMMARY:
    	@@@@@@@ TOTAL VIOLATIONS =	2
     
    Iteration 1: DRC-SUMMARY:
    	@@@@@@@ TOTAL VIOLATIONS =	0
     
    Finished timing optimization in DR ...

     
    Elapsed real time: 0:00:01
    Elapsed cpu time: sys = 0:00:00 usr = 0:00:01 total = 0:00:01
    Total Proc Memory(MB):  612
     
    Cumulative run time upto current stage: Elapsed = 0:00:02 CPU = 0:00:02
     
    ECO Route finished with 0 open nets, of which 0 are frozen
    ECO Route finished with 0 violations
     
    DRC-SUMMARY:
    	@@@@@@@ TOTAL VIOLATIONS =	0
    Total number of nets = 659
    0 open nets, of which 0 are frozen
    Total number of excluded ports = 0 ports of 0 unplaced cells connected to 0 nets
                                     0 ports without pins of 0 cells connected to 0 nets
                                     0 ports of 0 cover cells connected to 0 non-pg nets
    Total number of DRCs = 0
    Total number of antenna violations = antenna checking not active
    Total number of voltage-area violations = no voltage-areas defined
    

    

     
    Elapsed real time: 0:00:00
    Elapsed cpu time: sys = 0:00:00 usr = 0:00:00 total = 0:00:00
    Total Proc Memory(MB):  612
     
    Cumulative run time upto current stage: Elapsed = 0:00:02 CPU = 0:00:02
    

    ---------- Eco detail route ----------

     
    Iteration 0: DRC-SUMMARY:
    	@@@@@@@ TOTAL VIOLATIONS =	1
     
    Iteration 1: DRC-SUMMARY:
    	@@@@@@@ TOTAL VIOLATIONS =	0
     
    Elapsed real time: 0:00:00
    Elapsed cpu time: sys = 0:00:00 usr = 0:00:00 total = 0:00:00
    Total Proc Memory(MB):  610
     
    Cumulative run time upto current stage: Elapsed = 0:00:02 CPU = 0:00:02
     
    ECO Route finished with 0 open nets, of which 0 are frozen
    ECO Route finished with 0 violations
     
    DRC-SUMMARY:
    	@@@@@@@ TOTAL VIOLATIONS =	0
    Total number of nets = 659
    0 open nets, of which 0 are frozen
    Total number of excluded ports = 0 ports of 0 unplaced cells connected to 0 nets
                                     0 ports without pins of 0 cells connected to 0 nets
                                     0 ports of 0 cover cells connected to 0 non-pg nets
    Total number of DRCs = 0
    Total number of antenna violations = antenna checking not active
    Total number of voltage-area violations = no voltage-areas defined
    

    

     
    Elapsed real time: 0:00:00
    Elapsed cpu time: sys = 0:00:00 usr = 0:00:00 total = 0:00:00
    Total Proc Memory(MB):  610
     
    Cumulative run time upto current stage: Elapsed = 0:00:02 CPU = 0:00:02
    

    ---------- Eco detail route ----------

     
    Iteration 0: DRC-SUMMARY:
    	@@@@@@@ TOTAL VIOLATIONS =	0
     
    Elapsed real time: 0:00:00
    Elapsed cpu time: sys = 0:00:00 usr = 0:00:00 total = 0:00:00
    Total Proc Memory(MB):  610
     
    Cumulative run time upto current stage: Elapsed = 0:00:02 CPU = 0:00:02
     
    ECO Route finished with 0 open nets, of which 0 are frozen
    ECO Route finished with 0 violations
     
    DRC-SUMMARY:
    	@@@@@@@ TOTAL VIOLATIONS =	0
    Total number of nets = 659
    0 open nets, of which 0 are frozen
    Total number of excluded ports = 0 ports of 0 unplaced cells connected to 0 nets
                                     0 ports without pins of 0 cells connected to 0 nets
                                     0 ports of 0 cover cells connected to 0 non-pg nets
    Total number of DRCs = 0
    Total number of antenna violations = antenna checking not active
    Total number of voltage-area violations = no voltage-areas defined
    

    

     
    Elapsed real time: 0:00:00
    Elapsed cpu time: sys = 0:00:00 usr = 0:00:00 total = 0:00:00
    Total Proc Memory(MB):  610
     
    Cumulative run time upto current stage: Elapsed = 0:00:02 CPU = 0:00:02
     
    Total Wire Length =                    12410 micron
    Total Number of Contacts =             3604
    Total Number of Wires =                3660
    Total Number of PtConns =              388
    Total Number of Routable Wires =       3660
    Total Routable Wire Length =           12325 micron
    	Layer          M1 :        605 micron
    	Layer          M2 :       5215 micron
    	Layer          M3 :       4521 micron
    	Layer          M4 :       1307 micron
    	Layer          M5 :        710 micron
    	Layer          M6 :         51 micron
    	Layer          M7 :          0 micron
    	Layer          M8 :          0 micron
    	Layer          M9 :          0 micron
    	Via   VIA56C(rot) :          8
    	Via        VIA45C :         94
    	Via        VIA34C :         11
    	Via   VIA34C(rot) :        230
    	Via        VIA23C :       1520
    	Via   VIA23C(rot) :          4
    	Via        VIA12B :         12
    	Via   VIA12B(rot) :        646
    	Via        VIA12C :         25
    	Via   VIA12C(rot) :       1054
     
    Redundant via conversion report:
    --------------------------------

      Total optimized via conversion rate =  0.00% (0 / 3604 vias)
     
        Layer VIA1       =  0.00% (0      / 1737    vias)
            Un-optimized = 100.00% (1737    vias)
        Layer VIA2       =  0.00% (0      / 1524    vias)
            Un-optimized = 100.00% (1524    vias)
        Layer VIA3       =  0.00% (0      / 241     vias)
            Un-optimized = 100.00% (241     vias)
        Layer VIA4       =  0.00% (0      / 94      vias)
            Un-optimized = 100.00% (94      vias)
        Layer VIA5       =  0.00% (0      / 8       vias)
            Un-optimized = 100.00% (8       vias)
     
      Total double via conversion rate    =  0.00% (0 / 3604 vias)
     
        Layer VIA1       =  0.00% (0      / 1737    vias)
        Layer VIA2       =  0.00% (0      / 1524    vias)
        Layer VIA3       =  0.00% (0      / 241     vias)
        Layer VIA4       =  0.00% (0      / 94      vias)
        Layer VIA5       =  0.00% (0      / 8       vias)
     

DRC information: 
      Total error number: 0

Ring Wiring Statistics:
    metal8 Wire Length(count):                527.08(4)
    metal9 Wire Length(count):                528.24(4)
  ==============================================
    Total Wire Length(count):                1055.32(8)
    Number of via8 Contacts:              8
  ==============================================
    Total Number of Contacts:        8

Stripe Wiring Statistics:
    metal8 Wire Length(count):               7920.60(60)
    metal9 Wire Length(count):               4772.88(36)
  ==============================================
    Total Wire Length(count):               12693.48(96)
    Number of via8 Contacts:            132
  ==============================================
    Total Number of Contacts:      132

User Wiring Statistics:

PG follow-pin Wiring Statistics:

Signal Wiring Statistics:
    metal1 Wire Length(count):                631.52(532)
    metal2 Wire Length(count):               5215.12(2277)
    metal3 Wire Length(count):               4520.93(1059)
    metal4 Wire Length(count):               1306.39(185)
    metal5 Wire Length(count):                710.16(60)
    metal6 Wire Length(count):                 51.20(4)
  ==============================================
    Total Wire Length(count):               12435.32(4117)

      Mask Name      Contact Code    Number Of Contacts    Percentage
        via1          VIA12B(11)               658	       37.9
        via1          VIA12C(15)              1079	       62.1
        via2          VIA23C(16)              1524	        100
        via3          VIA34C(17)               241	        100
        via4          VIA45C(18)                94	        100
        via5          VIA56C(19)                 8	        100
  ==============================================
    Total Number of Contacts:     3604

  Horizontal/Vertical Wire Distribution:
    Layer      Hor. Wire (% of Hor.)     Ver. Wire (% of Ver.)
    metal1           563.79 ( 9.44%)            67.72 ( 1.05%)
    metal2           222.94 ( 3.73%)          4992.19 (77.24%)
    metal3          4472.12 (74.88%)            48.80 ( 0.76%)
    metal4             5.60 ( 0.09%)          1300.79 (20.13%)
    metal5           707.60 (11.85%)             2.56 ( 0.04%)
    metal6             0.00 ( 0.00%)            51.20 ( 0.79%)
  ==============================================================
    Total           5972.06                   6463.26
--------------------------------------------------------------------------------
