 
****************************************
Report : timing
        -path full_clock
        -delay max
        -physical
        -derate
        -input_pins
        -nets
        -max_paths 1
        -transition_time
        -crosstalk_delta
        -capacitance
Design : GCD
Version: F-2011.09-ICC-SP4
Date   : Mon Sep 10 16:53:07 2012
****************************************

 * Some/all delay information is back-annotated.

Operating Conditions: TYPICAL   Library: saed90nm_typ

  Startpoint: io_result_rdy
              (input port clocked by ideal_clock1)
  Endpoint: io_result_bits_data[9]
            (output port clocked by ideal_clock1)
  Path Group: FEEDTHROUGH
  Path Type: max

Attributes:
    d - dont_touch
    u - dont_use
   mo - map_only
   so - size_only
    i - ideal_net or ideal_network

  Point                        Fanout       Cap     DTran     Trans     Delta    Derate      Incr       Path      Location / Load        Attributes
  -------------------------------------------------------------------------------------------------------------------------------------------------
  clock ideal_clock1 (rise edge)                                                            0.000      0.000
  clock network delay (ideal)                                                               0.000      0.000
  input external delay                                                                      0.200      0.200 r
  io_result_rdy (in)                                          0.040               1.010     0.013      0.213 r    (132.80, 0.00)
  io_result_rdy (net)            1       11.388                                   1.010     0.000      0.213 r    [9.49,11.39]
  U291/INP (INVX0)                                  0.000     0.040     0.000     1.010     0.000 *    0.214 r    (102.87,31.29)
  U291/ZN (INVX0)                                             0.032               1.010     0.025      0.239 f    (103.34,31.27)
  n35 (net)                      1        2.862                                   1.010     0.000      0.239 f    [0.57,2.86]
  U114/IN1 (NOR2X0)                                 0.000     0.032     0.000     1.010     0.000 *    0.239 f    (103.43,34.89)
  U114/QN (NOR2X0)                                            0.176               1.010     0.087      0.325 r    (103.75,34.53)
  io_result_val (net)            3       18.554                                   1.010     0.000      0.325 r    [10.29,18.55]
  U262/IN2 (NOR2X2)                                 0.000     0.176     0.000     1.010     0.000 *    0.325 r    (76.56,30.83)
  U262/QN (NOR2X2)                                            0.189               1.010     0.136      0.462 f    (75.93,31.09)
  n342 (net)                    17       60.028                                   1.010     0.000      0.462 f    [20.86,60.03]
  U384/IN1 (NOR2X0)                                 0.000     0.189     0.000     1.010     0.000 *    0.462 f    (40.71,40.65)
  U384/QN (NOR2X0)                                            0.149               1.010     0.084      0.546 r    (41.03,40.29)
  io_result_bits_data[9] (net)
                                 1       10.472                                   1.010     0.000      0.546 r    [10.47,10.47]
  io_result_bits_data[9] (out)                      0.000     0.149     0.000     1.010     0.000 *    0.547 r    ( 1.92, 0.00)
  data arrival time                                                                                    0.547

  clock ideal_clock1 (rise edge)                                                            0.900      0.900
  clock network delay (ideal)                                                               0.000      0.900
  output external delay                                                                    -0.200      0.700
  data required time                                                                                   0.700
  -------------------------------------------------------------------------------------------------------------------------------------------------
  data required time                                                                                   0.700
  data arrival time                                                                                   -0.547
  -------------------------------------------------------------------------------------------------------------------------------------------------
  slack (MET)                                                                                          0.153


  Startpoint: reset (input port clocked by ideal_clock1)
  Endpoint: A_reg_1_ (rising edge-triggered flip-flop clocked by ideal_clock1)
  Path Group: REGIN
  Path Type: max

Attributes:
    d - dont_touch
    u - dont_use
   mo - map_only
   so - size_only
    i - ideal_net or ideal_network

  Point                        Fanout       Cap     DTran     Trans     Delta    Derate      Incr       Path      Location / Load        Attributes
  -------------------------------------------------------------------------------------------------------------------------------------------------
  clock ideal_clock1 (rise edge)                                                            0.000      0.000
  clock network delay (ideal)                                                               0.000      0.000
  input external delay                                                                      0.200      0.200 r
  reset (in)                                                  0.096               1.010     0.039      0.239 r    ( 0.00,13.28)
  reset (net)                    4       30.097                                   1.010     0.000      0.239 r    [16.71,30.10]
  U116/INP (INVX0)                                  0.000     0.096     0.000     1.010     0.001 *    0.240 r    (84.95,45.99)
  U116/ZN (INVX0)                                             0.061               1.010     0.045      0.285 f    (85.42,46.01)
  n341 (net)                     2        6.053                                   1.010     0.000      0.285 f    [1.97,6.05]
  U226/IN2 (NAND2X0)                                0.000     0.061     0.000     1.010     0.000 *    0.285 f    (101.71,46.32)
  U226/QN (NAND2X0)                                           0.802               1.010     0.381      0.666 r    (102.28,46.03)
  n351 (net)                    33       92.107                                   1.010     0.000      0.666 r    [36.77,92.11]
  U173/IN1 (NAND2X0)                                0.000     0.802     0.000     1.010     0.003 *    0.670 r    (33.61,101.18)
  U173/QN (NAND2X0)                                           0.301               1.010     0.166      0.836 f    (33.48,100.36)
  n182 (net)                     1       11.214                                   1.010     0.000      0.836 f    [9.68,11.21]
  U172/IN2 (NAND2X0)                                0.000     0.301     0.000     1.010     0.000 *    0.836 f    (60.76,54.00)
  U172/QN (NAND2X0)                                           0.130               1.010     0.079      0.915 r    (61.32,54.28)
  N21 (net)                      1        3.609                                   1.010     0.000      0.915 r    [1.94,3.61]
  A_reg_1_/D (DFFX1)                                0.000     0.130     0.000     1.010     0.000 *    0.915 r    (64.39,43.15)          so 
  data arrival time                                                                                    0.915

  clock ideal_clock1 (rise edge)                                                            0.900      0.900
  clock network delay (ideal)                                                               0.000      0.900
  A_reg_1_/CLK (DFFX1)                                                                      0.000      0.900 r
  library setup time                                                                       -0.083      0.817
  data required time                                                                                   0.817
  -------------------------------------------------------------------------------------------------------------------------------------------------
  data required time                                                                                   0.817
  data arrival time                                                                                   -0.915
  -------------------------------------------------------------------------------------------------------------------------------------------------
  slack (VIOLATED)                                                                                    -0.097


  Startpoint: A_reg_10_ (rising edge-triggered flip-flop clocked by ideal_clock1)
  Endpoint: io_result_bits_data[9]
            (output port clocked by ideal_clock1)
  Path Group: REGOUT
  Path Type: max

Attributes:
    d - dont_touch
    u - dont_use
   mo - map_only
   so - size_only
    i - ideal_net or ideal_network

  Point                        Fanout       Cap     DTran     Trans     Delta    Derate      Incr       Path      Location / Load        Attributes
  -------------------------------------------------------------------------------------------------------------------------------------------------
  clock ideal_clock1 (rise edge)                                                            0.000      0.000
  clock network delay (ideal)                                                               0.000      0.000
  A_reg_10_/CLK (DFFSSRX1)                          0.000     0.000     0.000     1.010     0.000      0.000 r    (34.23,89.23)          so i 
  A_reg_10_/QN (DFFSSRX1)                                     0.084               1.010     0.151      0.151 r    (39.87,89.61)          so 
  sub_x_10_n134 (net)            3       15.829                                   1.010     0.000      0.151 r    [9.51,15.83]
  U398/IN1 (NOR2X0)                                 0.000     0.084     0.000     1.010     0.000 *    0.152 r    (81.03,98.25)
  U398/QN (NOR2X0)                                            0.120               1.010     0.085      0.236 f    (81.35,97.89)
  n293 (net)                     6       15.536                                   1.010     0.000      0.236 f    [3.52,15.54]
  U397/INP (INVX0)                                  0.000     0.120     0.000     1.010     0.000 *    0.236 f    (73.11,97.83)
  U397/ZN (INVX0)                                             0.105               1.010     0.065      0.302 r    (73.58,97.85)
  n282 (net)                     4       11.067                                   1.010     0.000      0.302 r    [2.58,11.07]
  U270/IN1 (NAND2X0)                                0.000     0.105     0.000     1.010     0.000 *    0.302 r    (64.01,91.30)
  U270/QN (NAND2X0)                                           0.121               1.010     0.075      0.377 f    (63.88,92.11)
  n275 (net)                     2        8.401                                   1.010     0.000      0.377 f    [2.71,8.40]
  U396/IN1 (NOR2X0)                                 0.000     0.121     0.000     1.010     0.000 *    0.377 f    (48.07,86.73)
  U396/QN (NOR2X0)                                            0.082               1.010     0.045      0.422 r    (48.38,86.37)
  n59 (net)                      1        3.540                                   1.010     0.000      0.422 r    [1.06,3.54]
  U421/IN1 (NAND3X0)                                0.000     0.082     0.000     1.010     0.000 *    0.422 r    (47.72,79.62)
  U421/QN (NAND3X0)                                           0.080               1.010     0.051      0.473 f    (47.54,80.76)
  n60 (net)                      1        7.476                                   1.010     0.000      0.473 f    [4.71,7.48]
  U422/IN4 (NOR4X0)                                 0.000     0.080     0.000     1.010     0.000 *    0.473 f    (62.36,60.06)
  U422/QN (NOR4X0)                                            0.230               1.010     0.128      0.602 r    (61.26,59.81)
  n345 (net)                     2       13.790                                   1.010     0.000      0.602 r    [6.00,13.79]
  U262/IN1 (NOR2X2)                                 0.000     0.230     0.000     1.010     0.000 *    0.602 r    (75.51,30.95)
  U262/QN (NOR2X2)                                            0.189               1.010     0.139      0.741 f    (75.93,31.09)
  n342 (net)                    17       60.028                                   1.010     0.000      0.741 f    [20.86,60.03]
  U384/IN1 (NOR2X0)                                 0.000     0.189     0.000     1.010     0.000 *    0.741 f    (40.71,40.65)
  U384/QN (NOR2X0)                                            0.149               1.010     0.084      0.825 r    (41.03,40.29)
  io_result_bits_data[9] (net)
                                 1       10.472                                   1.010     0.000      0.825 r    [10.47,10.47]
  io_result_bits_data[9] (out)                      0.000     0.149     0.000     1.010     0.000 *    0.826 r    ( 1.92, 0.00)
  data arrival time                                                                                    0.826

  clock ideal_clock1 (rise edge)                                                            0.900      0.900
  clock network delay (ideal)                                                               0.000      0.900
  output external delay                                                                    -0.200      0.700
  data required time                                                                                   0.700
  -------------------------------------------------------------------------------------------------------------------------------------------------
  data required time                                                                                   0.700
  data arrival time                                                                                   -0.826
  -------------------------------------------------------------------------------------------------------------------------------------------------
  slack (VIOLATED)                                                                                    -0.126


  Startpoint: A_reg_3_ (rising edge-triggered flip-flop clocked by ideal_clock1)
  Endpoint: B_reg_3_ (rising edge-triggered flip-flop clocked by ideal_clock1)
  Path Group: ideal_clock1
  Path Type: max

Attributes:
    d - dont_touch
    u - dont_use
   mo - map_only
   so - size_only
    i - ideal_net or ideal_network

  Point                        Fanout       Cap     DTran     Trans     Delta    Derate      Incr       Path      Location / Load        Attributes
  -------------------------------------------------------------------------------------------------------------------------------------------------
  clock ideal_clock1 (rise edge)                                                            0.000      0.000
  clock network delay (ideal)                                                               0.000      0.000
  A_reg_3_/CLK (DFFX1)                              0.000     0.000     0.000     1.010     0.000      0.000 r    (62.47,37.39)          so i 
  A_reg_3_/Q (DFFX1)                                          0.031               1.010     0.172      0.172 f    (69.15,37.78)          so 
  A[3] (net)                     1        3.029                                   1.010     0.000      0.172 f    [0.70,3.03]
  U85/IN2 (NOR2X0)                                  0.000     0.031     0.000     1.010     0.000 *    0.172 f    (68.75,33.29)
  U85/QN (NOR2X0)                                             0.120               1.010     0.064      0.236 r    (68.54,34.53)
  n77 (net)                      3       11.227                                   1.010     0.000      0.236 r    [3.65,11.23]
  U373/IN1 (NOR2X0)                                 0.000     0.120     0.000     1.010     0.000 *    0.236 r    (53.83,42.39)
  U373/QN (NOR2X0)                                            0.058               1.010     0.045      0.281 f    (54.15,42.75)
  n78 (net)                      1        2.965                                   1.010     0.000      0.281 f    [0.67,2.96]
  U106/IN1 (NOR2X0)                                 0.000     0.058     0.000     1.010     0.000 *    0.281 f    (53.19,46.41)
  U106/QN (NOR2X0)                                            0.169               1.010     0.086      0.367 r    (53.51,46.05)
  n245 (net)                     5       16.711                                   1.010     0.000      0.367 r    [6.18,16.71]
  U212/IN2 (NAND2X1)                                0.000     0.169     0.000     1.010     0.000 *    0.367 r    (53.71,52.10)
  U212/QN (NAND2X1)                                           0.063               1.010     0.038      0.405 f    (54.10,51.51)
  n80 (net)                      1        3.952                                   1.010     0.000      0.405 f    [1.16,3.95]
  U211/IN1 (NAND2X1)                                0.000     0.063     0.000     1.010     0.000 *    0.405 f    (52.22,57.88)
  U211/QN (NAND2X1)                                           0.061               1.010     0.029      0.434 r    (52.18,57.27)
  n83 (net)                      1        3.166                                   1.010     0.000      0.434 r    [0.37,3.17]
  U209/IN1 (NAND2X1)                                0.000     0.061     0.000     1.010     0.000 *    0.434 r    (52.22,59.72)
  U209/QN (NAND2X1)                                           0.043               1.010     0.031      0.464 f    (52.18,60.33)
  n84 (net)                      1        3.181                                   1.010     0.000      0.464 f    [0.39,3.18]
  U208/IN1 (NAND2X1)                                0.000     0.043     0.000     1.010     0.000 *    0.464 f    (54.46,59.72)
  U208/QN (NAND2X1)                                           0.065               1.010     0.029      0.493 r    (54.42,60.33)
  n88 (net)                      1        4.559                                   1.010     0.000      0.493 r    [1.77,4.56]
  U206/IN1 (NAND2X1)                                0.000     0.065     0.000     1.010     0.000 *    0.493 r    (62.78,65.49)
  U206/QN (NAND2X1)                                           0.045               1.010     0.032      0.526 f    (62.74,66.09)
  n89 (net)                      1        3.538                                   1.010     0.000      0.526 f    [0.75,3.54]
  U205/IN1 (NAND2X1)                                0.000     0.045     0.000     1.010     0.000 *    0.526 f    (64.38,69.39)
  U205/QN (NAND2X1)                                           0.059               1.010     0.026      0.552 r    (64.34,68.79)
  n93 (net)                      1        3.072                                   1.010     0.000      0.552 r    [1.38,3.07]
  U202/IN1 (NAND2X0)                                0.000     0.059     0.000     1.010     0.000 *    0.552 r    (74.57,68.26)
  U202/QN (NAND2X0)                                           0.056               1.010     0.037      0.589 f    (74.44,69.07)
  n96 (net)                      1        2.092                                   1.010     0.000      0.589 f    [0.40,2.09]
  U201/IN1 (NAND2X0)                                0.000     0.056     0.000     1.010     0.000 *    0.589 f    (74.57,66.62)
  U201/QN (NAND2X0)                                           0.076               1.010     0.044      0.633 r    (74.44,65.81)
  n103 (net)                     1        4.140                                   1.010     0.000      0.633 r    [1.35,4.14]
  U198/IN1 (NAND2X1)                                0.000     0.076     0.000     1.010     0.000 *    0.633 r    (70.46,59.72)
  U198/QN (NAND2X1)                                           0.078               1.010     0.053      0.686 f    (70.42,60.33)
  n348 (net)                     2       11.644                                   1.010     0.000      0.686 f    [6.96,11.64]
  U197/IN1 (NOR2X1)                                 0.000     0.078     0.000     1.010     0.000 *    0.686 f    (67.37,46.34)
  U197/QN (NOR2X1)                                            0.323               1.010     0.162      0.848 r    (67.56,45.83)
  n131 (net)                    16       52.511                                   1.010     0.000      0.848 r    [26.20,52.51]
  U122/IN2 (NAND2X0)                                0.000     0.323     0.000     1.010     0.001 *    0.849 r    (101.71,36.72)
  U122/QN (NAND2X0)                                           0.104               1.010     0.055      0.903 f    (102.28,37.01)
  n111 (net)                     1        2.627                                   1.010     0.000      0.903 f    [0.93,2.63]
  U120/IN1 (NAND2X0)                                0.000     0.104     0.000     1.010     0.000 *    0.903 f    (98.89,33.70)
  U120/QN (NAND2X0)                                           0.130               1.010     0.060      0.963 r    (98.76,34.51)
  N40 (net)                      1        5.921                                   1.010     0.000      0.963 r    [4.26,5.92]
  B_reg_3_/D (DFFX1)                                0.000     0.130     0.000     1.010     0.000 *    0.964 r    (65.99,31.63)          so 
  data arrival time                                                                                    0.964

  clock ideal_clock1 (rise edge)                                                            0.900      0.900
  clock network delay (ideal)                                                               0.000      0.900
  B_reg_3_/CLK (DFFX1)                                                                      0.000      0.900 r
  library setup time                                                                       -0.083      0.817
  data required time                                                                                   0.817
  -------------------------------------------------------------------------------------------------------------------------------------------------
  data required time                                                                                   0.817
  data arrival time                                                                                   -0.964
  -------------------------------------------------------------------------------------------------------------------------------------------------
  slack (VIOLATED)                                                                                    -0.146


1
