 
****************************************
Report : timing
        -path full_clock
        -delay min
        -physical
        -derate
        -input_pins
        -nets
        -max_paths 1
        -transition_time
        -crosstalk_delta
        -capacitance
Design : GCD
Version: F-2011.09-ICC-SP4
Date   : Mon Sep 10 16:53:13 2012
****************************************

 * Some/all delay information is back-annotated.

Operating Conditions: TYPICAL   Library: saed90nm_typ

  Startpoint: io_result_rdy
              (input port clocked by ideal_clock1)
  Endpoint: io_result_val
            (output port clocked by ideal_clock1)
  Path Group: FEEDTHROUGH
  Path Type: min

Attributes:
    d - dont_touch
    u - dont_use
   mo - map_only
   so - size_only
    i - ideal_net or ideal_network

  Point                        Fanout       Cap     DTran     Trans     Delta    Derate      Incr       Path      Location / Load        Attributes
  -------------------------------------------------------------------------------------------------------------------------------------------------
  clock ideal_clock1 (rise edge)                                                            0.000      0.000
  clock network delay (ideal)                                                               0.000      0.000
  input external delay                                                                      0.200      0.200 f
  io_result_rdy (in)                                          0.030               0.990     0.012      0.212 f    (132.80, 0.00)
  io_result_rdy (net)            1       10.023                                   0.990     0.000      0.212 f    [8.12,10.02]
  U291/INP (INVX0)                                  0.000     0.030     0.000     0.990     0.000 *    0.212 f    (102.87,31.29)
  U291/ZN (INVX0)                                             0.034               0.990     0.022      0.234 r    (103.34,31.27)
  n35 (net)                      1        2.773                                   0.990     0.000      0.234 r    [0.48,2.77]
  U114/IN1 (NOR2X0)                                 0.000     0.034     0.000     0.990     0.000 *    0.234 r    (103.43,34.89)
  U114/QN (NOR2X0)                                            0.231               0.990     0.135      0.369 f    (103.75,34.53)
  io_result_val (net)            4       36.123                                   0.990     0.000      0.369 f    [10.38,36.12]
  io_result_val (out)                               0.000     0.231     0.000     0.990     0.000 *    0.369 f    (120.96, 0.00)
  data arrival time                                                                                    0.369

  clock ideal_clock1 (rise edge)                                                            0.000      0.000
  clock network delay (ideal)                                                               0.000      0.000
  output external delay                                                                    -0.200     -0.200
  data required time                                                                                  -0.200
  -------------------------------------------------------------------------------------------------------------------------------------------------
  data required time                                                                                  -0.200
  data arrival time                                                                                   -0.369
  -------------------------------------------------------------------------------------------------------------------------------------------------
  slack (MET)                                                                                          0.569


  Startpoint: io_operands_bits_B[11]
              (input port clocked by ideal_clock1)
  Endpoint: B_reg_11_ (rising edge-triggered flip-flop clocked by ideal_clock1)
  Path Group: REGIN
  Path Type: min

Attributes:
    d - dont_touch
    u - dont_use
   mo - map_only
   so - size_only
    i - ideal_net or ideal_network

  Point                        Fanout       Cap     DTran     Trans     Delta    Derate      Incr       Path      Location / Load        Attributes
  -------------------------------------------------------------------------------------------------------------------------------------------------
  clock ideal_clock1 (rise edge)                                                            0.000      0.000
  clock network delay (ideal)                                                               0.000      0.000
  input external delay                                                                      0.200      0.200 f
  io_operands_bits_B[11] (in)                                 0.025               0.990     0.009      0.209 f    (82.56,134.72)
  io_operands_bits_B[11] (net)
                                 1        7.778                                   0.990     0.000      0.209 f    [5.61,7.78]
  B_reg_11_/RSTB (DFFSSRX1)                         0.000     0.025     0.000     0.990     0.000 *    0.209 f    (97.43,99.53)          so 
  data arrival time                                                                                    0.209

  clock ideal_clock1 (rise edge)                                                            0.000      0.000
  clock network delay (ideal)                                                               0.000      0.000
  B_reg_11_/CLK (DFFSSRX1)                                                                  0.000      0.000 r
  library hold time                                                                        -0.054     -0.054
  data required time                                                                                  -0.054
  -------------------------------------------------------------------------------------------------------------------------------------------------
  data required time                                                                                  -0.054
  data arrival time                                                                                   -0.209
  -------------------------------------------------------------------------------------------------------------------------------------------------
  slack (MET)                                                                                          0.263


  Startpoint: A_reg_5_ (rising edge-triggered flip-flop clocked by ideal_clock1)
  Endpoint: io_result_bits_data[5]
            (output port clocked by ideal_clock1)
  Path Group: REGOUT
  Path Type: min

Attributes:
    d - dont_touch
    u - dont_use
   mo - map_only
   so - size_only
    i - ideal_net or ideal_network

  Point                        Fanout       Cap     DTran     Trans     Delta    Derate      Incr       Path      Location / Load        Attributes
  -------------------------------------------------------------------------------------------------------------------------------------------------
  clock ideal_clock1 (rise edge)                                                            0.000      0.000
  clock network delay (ideal)                                                               0.000      0.000
  A_reg_5_/CLK (DFFX1)                              0.000     0.000     0.000     0.990     0.000      0.000 r    (33.67,45.65)          so i 
  A_reg_5_/QN (DFFX1)                                         0.064               0.990     0.128      0.128 f    (39.37,45.27)          so 
  n66 (net)                      3        9.939                                   0.990     0.000      0.128 f    [2.77,9.94]
  U380/IN2 (NOR2X1)                                 0.000     0.064     0.000     0.990     0.000 *    0.129 f    (46.11,30.91)
  U380/QN (NOR2X1)                                            0.059               0.990     0.036      0.165 r    (45.47,31.45)
  io_result_bits_data[5] (net)
                                 1        4.836                                   0.990     0.000      0.165 r    [4.83,4.84]
  io_result_bits_data[5] (out)                      0.000     0.059     0.000     0.990     0.000 *    0.165 r    (49.60, 0.00)
  data arrival time                                                                                    0.165

  clock ideal_clock1 (rise edge)                                                            0.000      0.000
  clock network delay (ideal)                                                               0.000      0.000
  output external delay                                                                    -0.200     -0.200
  data required time                                                                                  -0.200
  -------------------------------------------------------------------------------------------------------------------------------------------------
  data required time                                                                                  -0.200
  data arrival time                                                                                   -0.165
  -------------------------------------------------------------------------------------------------------------------------------------------------
  slack (MET)                                                                                          0.365


  Startpoint: state_reg_0_
              (rising edge-triggered flip-flop clocked by ideal_clock1)
  Endpoint: state_reg_0_
            (rising edge-triggered flip-flop clocked by ideal_clock1)
  Path Group: ideal_clock1
  Path Type: min

Attributes:
    d - dont_touch
    u - dont_use
   mo - map_only
   so - size_only
    i - ideal_net or ideal_network

  Point                        Fanout       Cap     DTran     Trans     Delta    Derate      Incr       Path      Location / Load        Attributes
  -------------------------------------------------------------------------------------------------------------------------------------------------
  clock ideal_clock1 (rise edge)                                                            0.000      0.000
  clock network delay (ideal)                                                               0.000      0.000
  state_reg_0_/CLK (DFFX1)                          0.000     0.000     0.000     0.990     0.000      0.000 r    (82.31,34.13)          so i 
  state_reg_0_/QN (DFFX1)                                     0.047               0.990     0.125      0.125 r    (88.00,33.75)          so 
  n343 (net)                     1        3.126                                   0.990     0.000      0.125 r    [0.80,3.13]
  U294/IN2 (NOR2X0)                                 0.000     0.047     0.000     0.990     0.000 *    0.126 r    (82.19,32.47)
  U294/QN (NOR2X0)                                            0.049               0.990     0.039      0.164 f    (81.99,31.23)
  n344 (net)                     1        2.701                                   0.990     0.000      0.164 f    [0.37,2.70]
  U293/IN2 (NOR2X0)                                 0.000     0.049     0.000     0.990     0.000 *    0.164 f    (80.27,32.47)
  U293/QN (NOR2X0)                                            0.054               0.990     0.034      0.198 r    (80.07,31.23)
  n346 (net)                     1        2.783                                   0.990     0.000      0.198 r    [0.49,2.78]
  U292/IN1 (NOR2X0)                                 0.000     0.054     0.000     0.990     0.000 *    0.198 r    (79.77,34.89)
  U292/QN (NOR2X0)                                            0.036               0.990     0.031      0.230 f    (79.46,34.53)
  n26 (net)                      1        1.970                                   0.990     0.000      0.230 f    [0.31,1.97]
  state_reg_0_/D (DFFX1)                            0.000     0.036     0.000     0.990     0.000 *    0.230 f    (81.67,34.13)          so 
  data arrival time                                                                                    0.230

  clock ideal_clock1 (rise edge)                                                            0.000      0.000
  clock network delay (ideal)                                                               0.000      0.000
  state_reg_0_/CLK (DFFX1)                                                                  0.000      0.000 r
  library hold time                                                                        -0.008     -0.008
  data required time                                                                                  -0.008
  -------------------------------------------------------------------------------------------------------------------------------------------------
  data required time                                                                                  -0.008
  data arrival time                                                                                   -0.230
  -------------------------------------------------------------------------------------------------------------------------------------------------
  slack (MET)                                                                                          0.238


1
