 
****************************************
Report : design
        -physical
Design : GCD
Version: F-2011.09-ICC-SP4
Date   : Mon Sep 10 16:53:13 2012
****************************************

****************************** P&R Summary ********************************
Date : Mon Sep 10 16:53:13 2012
Machine Host Name: bcom16.EECS.Berkeley.EDU
Working Directory: /work/cs250-af/lab1-chisel/vlsi/build/icc-par/build-iccdp-2012-09-10_16-52
Library Name:      GCD_LIB
Cell Name:         flat_dp.CEL;1
Design Statistics:
    Number of Module Cells:        495
    Number of Pins:                2510
    Number of IO Pins:             54
    Number of Nets:                561
    Average Pins Per Net (Signal): 2.80143

Chip Utilization:
    Total Std Cell Area:           4114.02
    Core Size:     width 74.88, height 74.88; area 5607.01
    Chip Size:     width 134.88, height 134.88; area 18192.61
    Std cells utilization:         73.37% 
    Cell/Core Ratio:               73.37%
    Cell/Chip Ratio:               22.61%
    Number of Cell Rows:            26

Master Instantiation:
	MasterName	Type	InstCount
	=================================
	NAND2X0		STD	181
	NOR2X0		STD	67
	INVX0		STD	63
	XOR2X1		STD	29
	DFFX1		STD	28
	NOR2X1		STD	21
	NAND2X1		STD	21
	AOI21X1		STD	13
	OAI21X1		STD	11
	NAND3X0		STD	9
	NOR2X2		STD	9
	NAND2X2		STD	7
	NOR2X4		STD	6
	DFFSSRX1	STD	6
	NAND4X0		STD	5
	XNOR2X1		STD	4
	INVX2		STD	3
	NOR3X0		STD	3
	OAI21X2		STD	2
	CGLPPRX2	STD	2
	NAND3X1		STD	1
	OR2X1		STD	1
	NOR3X2		STD	1
	AO21X1		STD	1
	NOR4X1		STD	1
	=================================

Timing/Optimization Information:

Global Routing Information:

Track Assignment Information:

Detailed Routing Information:

DRC information: 
      Total error number: 0

Ring Wiring Statistics:
    metal8 Wire Length(count):                527.08(4)
    metal9 Wire Length(count):                528.24(4)
  ==============================================
    Total Wire Length(count):                1055.32(8)
    Number of via8 Contacts:              8
  ==============================================
    Total Number of Contacts:        8

Stripe Wiring Statistics:
    metal8 Wire Length(count):               7920.60(60)
    metal9 Wire Length(count):               4772.88(36)
  ==============================================
    Total Wire Length(count):               12693.48(96)
    Number of via8 Contacts:            132
  ==============================================
    Total Number of Contacts:      132

User Wiring Statistics:

PG follow-pin Wiring Statistics:

Signal Wiring Statistics:
      Mask Name      Contact Code    Number Of Contacts    Percentage

  Horizontal/Vertical Wire Distribution:
    Layer      Hor. Wire (% of Hor.)     Ver. Wire (% of Ver.)
  ==============================================================
    Total              0.00                      0.00
1
