 
****************************************
Report : timing
        -path full_clock
        -delay min
        -physical
        -derate
        -input_pins
        -nets
        -max_paths 1
        -transition_time
        -crosstalk_delta
        -capacitance
Design : gcdGCDUnit_rtl
Version: F-2011.09-ICC-SP4
Date   : Mon Sep 10 12:26:06 2012
****************************************

 * Some/all delay information is back-annotated.

Operating Conditions: TYPICAL   Library: saed90nm_typ

  Startpoint: GCDdpath0/B_reg_reg_5_
              (rising edge-triggered flip-flop clocked by ideal_clock1)
  Endpoint: GCDdpath0/A_reg_reg_5_
            (rising edge-triggered flip-flop clocked by ideal_clock1)
  Path Group: ideal_clock1
  Path Type: min

Attributes:
    d - dont_touch
    u - dont_use
   mo - map_only
   so - size_only
    i - ideal_net or ideal_network

  Point                                       Fanout       Cap     DTran     Trans     Delta    Derate      Incr       Path      Location / Load        Attributes
  ----------------------------------------------------------------------------------------------------------------------------------------------------------------
  clock ideal_clock1 (rise edge)                                                                           0.000      0.000
  clock network delay (ideal)                                                                              0.000      0.000
  GCDdpath0/B_reg_reg_5_/CLK (DFFARX1)                             0.000     0.000     0.000     0.990     0.000      0.000 r    (64.12,60.42)          so i 
  GCDdpath0/B_reg_reg_5_/QN (DFFARX1)                                        0.047               0.990     0.129      0.129 r    (72.51,60.62)          so 
  GCDdpath0/n128 (net)                          1        3.003                                   0.990     0.000      0.129 r    [1.47,3.00]
  GCDdpath0/U189/IN2 (NAND2X0)                                     0.000     0.047     0.000     0.990     0.000 *    0.129 r    (59.15,59.76)
  GCDdpath0/U189/QN (NAND2X0)                                                0.056               0.990     0.039      0.168 f    (59.72,60.04)
  GCDdpath0/n129 (net)                          1        3.340                                   0.990     0.000      0.168 f    [0.51,3.34]
  GCDdpath0/U71/IN2 (NAND2X1)                                      0.000     0.056     0.000     0.990     0.000 *    0.168 f    (55.31,59.74)
  GCDdpath0/U71/QN (NAND2X1)                                                 0.046               0.990     0.032      0.200 r    (55.70,60.33)
  GCDdpath0/n136 (net)                          1        3.673                                   0.990     0.000      0.200 r    [0.88,3.67]
  GCDdpath0/U72/IN1 (NAND2X1)                                      0.000     0.046     0.000     0.990     0.000 *    0.200 r    (54.78,53.97)
  GCDdpath0/U72/QN (NAND2X1)                                                 0.032               0.990     0.025      0.224 f    (54.74,54.57)
  GCDdpath0/A_next[5] (net)                     1        1.844                                   0.990     0.000      0.224 f    [0.35,1.84]
  GCDdpath0/A_reg_reg_5_/D (DFFARX1)                               0.000     0.032     0.000     0.990     0.000 *    0.224 f    (53.99,52.62)          so 
  data arrival time                                                                                                   0.224

  clock ideal_clock1 (rise edge)                                                                           0.000      0.000
  clock network delay (ideal)                                                                              0.000      0.000
  GCDdpath0/A_reg_reg_5_/CLK (DFFARX1)                                                                     0.000      0.000 r
  library hold time                                                                                       -0.013     -0.013
  data required time                                                                                                 -0.013
  ----------------------------------------------------------------------------------------------------------------------------------------------------------------
  data required time                                                                                                 -0.013
  data arrival time                                                                                                  -0.224
  ----------------------------------------------------------------------------------------------------------------------------------------------------------------
  slack (MET)                                                                                                         0.238


1
