 
****************************************
Report : design
        -physical
Design : gcdGCDUnit_rtl
Version: F-2011.09-ICC-SP4
Date   : Mon Sep 10 12:26:06 2012
****************************************

****************************** P&R Summary ********************************
Date : Mon Sep 10 12:26:06 2012
Machine Host Name: bcom16.EECS.Berkeley.EDU
Working Directory: /work/cs250-af/lab1-verilog/build/icc-par/build-iccdp-2012-09-10_12-25
Library Name:      gcdGCDUnit_rtl_LIB
Cell Name:         flat_dp.CEL;1
Design Statistics:
    Number of Module Cells:        375
    Number of Pins:                1961
    Number of IO Pins:             54
    Number of Nets:                446
    Average Pins Per Net (Signal): 2.84234

Chip Utilization:
    Total Std Cell Area:           3412.68
    Core Size:     width 69.76, height 69.12; area 4821.81
    Chip Size:     width 129.76, height 129.12; area 16754.61
    Std cells utilization:         70.78% 
    Cell/Core Ratio:               70.78%
    Cell/Chip Ratio:               20.37%
    Number of Cell Rows:            24

Master Instantiation:
	MasterName	Type	InstCount
	=================================
	NOR2X0		STD	71
	NAND2X1		STD	69
	NAND2X0		STD	57
	DFFARX1		STD	32
	INVX0		STD	28
	NAND3X0		STD	20
	MUX21X1		STD	17
	XOR2X1		STD	14
	NOR2X1		STD	13
	OR2X1		STD	8
	INVX1		STD	8
	NOR2X2		STD	8
	NOR4X0		STD	5
	NAND2X2		STD	5
	NAND4X0		STD	3
	CGLPPRX2	STD	2
	DFFX1		STD	2
	AND2X1		STD	2
	NOR3X0		STD	2
	INVX2		STD	2
	OA21X1		STD	1
	NOR2X4		STD	1
	NBUFFX2		STD	1
	INVX4		STD	1
	AND4X1		STD	1
	AO21X1		STD	1
	NBUFFX16	STD	1
	=================================

Timing/Optimization Information:

Global Routing Information:

Track Assignment Information:

Detailed Routing Information:

DRC information: 
      Total error number: 0

Ring Wiring Statistics:

Stripe Wiring Statistics:

User Wiring Statistics:

PG follow-pin Wiring Statistics:

Signal Wiring Statistics:
      Mask Name      Contact Code    Number Of Contacts    Percentage

  Horizontal/Vertical Wire Distribution:
    Layer      Hor. Wire (% of Hor.)     Ver. Wire (% of Ver.)
  ==============================================================
    Total              0.00                      0.00
1
