 
****************************************
Report : timing
        -path full_clock
        -delay max
        -physical
        -derate
        -input_pins
        -nets
        -max_paths 1
        -transition_time
        -crosstalk_delta
        -capacitance
Design : gcdGCDUnit_rtl
Version: F-2011.09-ICC-SP4
Date   : Mon Sep 10 12:26:06 2012
****************************************

 * Some/all delay information is back-annotated.

Operating Conditions: TYPICAL   Library: saed90nm_typ

  Startpoint: GCDdpath0/A_reg_reg_8_
              (rising edge-triggered flip-flop clocked by ideal_clock1)
  Endpoint: GCDdpath0/A_reg_reg_1_
            (rising edge-triggered flip-flop clocked by ideal_clock1)
  Path Group: ideal_clock1
  Path Type: max

Attributes:
    d - dont_touch
    u - dont_use
   mo - map_only
   so - size_only
    i - ideal_net or ideal_network

  Point                                       Fanout       Cap     DTran     Trans     Delta    Derate      Incr       Path      Location / Load        Attributes
  ----------------------------------------------------------------------------------------------------------------------------------------------------------------
  clock ideal_clock1 (rise edge)                                                                           0.000      0.000
  clock network delay (ideal)                                                                              0.000      0.000
  GCDdpath0/A_reg_reg_8_/CLK (DFFARX1)                             0.000     0.000     0.000     1.010     0.000      0.000 r    (31.49,66.18)          so i 
  GCDdpath0/A_reg_reg_8_/Q (DFFARX1)                                         0.081               1.010     0.221      0.221 f    (40.33,66.58)          so 
  GCDdpath0/result_bits_data[8] (net)           3       20.714                                   1.010     0.000      0.221 f    [15.51,20.71]
  GCDdpath0/U157/IN2 (NAND2X1)                                     0.000     0.081     0.000     1.010     0.000 *    0.221 f    (45.38,77.03)
  GCDdpath0/U157/QN (NAND2X1)                                                0.074               1.010     0.048      0.270 r    (45.78,77.61)
  GCDdpath0/n213 (net)                          3        8.331                                   1.010     0.000      0.270 r    [1.30,8.33]
  GCDdpath0/U183/INP (INVX0)                                       0.000     0.074     0.000     1.010     0.000 *    0.270 r    (47.51,71.61)
  GCDdpath0/U183/ZN (INVX0)                                                  0.055               1.010     0.042      0.311 f    (47.98,71.59)
  GCDdpath0/n192 (net)                          2        6.073                                   1.010     0.000      0.311 f    [1.49,6.07]
  GCDdpath0/U48/IN1 (NOR2X0)                                       0.000     0.055     0.000     1.010     0.000 *    0.311 f    (50.63,71.19)
  GCDdpath0/U48/QN (NOR2X0)                                                  0.075               1.010     0.043      0.354 r    (50.94,71.55)
  GCDdpath0/n48 (net)                           1        4.979                                   1.010     0.000      0.354 r    [1.79,4.98]
  GCDdpath0/U47/IN2 (NOR2X1)                                       0.000     0.075     0.000     1.010     0.000 *    0.354 r    (64.99,71.23)
  GCDdpath0/U47/QN (NOR2X1)                                                  0.057               1.010     0.046      0.400 f    (64.36,71.77)
  GCDdpath0/n47 (net)                           1        4.037                                   1.010     0.000      0.400 f    [0.52,4.04]
  GCDdpath0/U46/INP (INVX1)                                        0.000     0.057     0.000     1.010     0.000 *    0.400 f    (64.81,69.03)
  GCDdpath0/U46/ZN (INVX1)                                                   0.032               1.010     0.020      0.420 r    (65.33,68.95)
  GCDdpath0/n46 (net)                           1        3.141                                   1.010     0.000      0.420 r    [0.35,3.14]
  GCDdpath0/U19/IN1 (NAND2X1)                                      0.000     0.032     0.000     1.010     0.000 *    0.420 r    (67.26,69.39)
  GCDdpath0/U19/QN (NAND2X1)                                                 0.052               1.010     0.032      0.452 f    (67.22,68.79)
  GCDdpath0/n19 (net)                           1        5.827                                   1.010     0.000      0.452 f    [3.00,5.83]
  GCDdpath0/U7/IN2 (NAND2X1)                                       0.000     0.052     0.000     1.010     0.000 *    0.452 f    (83.14,75.14)
  GCDdpath0/U7/QN (NAND2X1)                                                  0.060               1.010     0.039      0.491 r    (83.54,74.55)
  GCDdpath0/n6 (net)                            1        6.894                                   1.010     0.000      0.491 r    [1.47,6.89]
  GCDdpath0/U6/IN2 (NAND2X2)                                       0.000     0.060     0.000     1.010     0.000 *    0.491 r    (92.03,77.33)
  GCDdpath0/U6/QN (NAND2X2)                                                  0.032               1.010     0.026      0.517 f    (92.65,77.60)
  GCDdpath0/n5 (net)                            1        6.014                                   1.010     0.000      0.517 f    [0.52,6.01]
  GCDdpath0/U2/IN1 (NOR2X2)                                        0.000     0.032     0.000     1.010     0.000 *    0.517 f    (89.27,77.03)
  GCDdpath0/U2/QN (NOR2X2)                                                   0.090               1.010     0.046      0.563 r    (89.69,77.17)
  GCDdpath0/A_lt_B (net)                        3       22.850                                   1.010     0.000      0.563 r    [11.81,22.85]
  GCDdpath0/A_lt_B (gcdGCDUnitDpath_W16)                                                         1.010     0.000      0.563 r    (netlink)
  A_lt_B (net)                                          22.850                                   1.010     0.000      0.563 r    [11.81,22.85]
  GCDctrl0/A_lt_B (gcdGCDUnitCtrl)                                                               1.010     0.000      0.563 r    (netlink)
  GCDctrl0/A_lt_B (net)                                 22.850                                   1.010     0.000      0.563 r    [11.81,22.85]
  GCDctrl0/U5/INP (INVX2)                                          0.000     0.090     0.000     1.010     0.001 *    0.564 r    (43.29,37.00)
  GCDctrl0/U5/ZN (INVX2)                                                     0.039               1.010     0.026      0.590 f    (43.45,37.20)
  GCDctrl0/n9 (net)                             2        8.713                                   1.010     0.000      0.590 f    [0.74,8.71]
  GCDctrl0/U9/IN1 (NOR2X2)                                         0.000     0.039     0.000     1.010     0.000 *    0.590 f    (43.51,40.57)
  GCDctrl0/U9/QN (NOR2X2)                                                    0.051               1.010     0.026      0.616 r    (43.93,40.43)
  GCDctrl0/A_mux_sel[0] (net)                   1        6.899                                   1.010     0.000      0.616 r    [0.34,6.90]
  GCDctrl0/A_mux_sel[0] (gcdGCDUnitCtrl)                                                         1.010     0.000      0.616 r    (netlink)
  n3 (net)                                               6.899                                   1.010     0.000      0.616 r    [0.34,6.90]
  U2/INP (NBUFFX16)                                                0.000     0.051     0.000     1.010     0.000 *    0.616 r    (46.29,40.24)
  U2/Z (NBUFFX16)                                                            0.068               1.010     0.098      0.714 r    (50.80,40.06)
  n4 (net)                                     52      198.624                                   1.010     0.000      0.714 r    [49.30,198.62]
  GCDdpath0/A_mux_sel[0] (gcdGCDUnitDpath_W16)                                                   1.010     0.000      0.714 r    (netlink)
  GCDdpath0/A_mux_sel[0] (net)                         198.624                                   1.010     0.000      0.714 r    [49.30,198.62]
  GCDdpath0/U187/IN1 (NOR2X0)                                      0.000     0.068     0.000     1.010     0.003 *    0.717 r    (42.63,98.25)
  GCDdpath0/U187/QN (NOR2X0)                                                 0.064               1.010     0.049      0.766 f    (42.94,97.89)
  GCDdpath0/n76 (net)                           1        5.972                                   1.010     0.000      0.766 f    [3.68,5.97]
  GCDdpath0/U51/IN1 (NOR2X0)                                       0.000     0.064     0.000     1.010     0.000 *    0.767 f    (54.79,80.97)
  GCDdpath0/U51/QN (NOR2X0)                                                  0.108               1.010     0.057      0.824 r    (55.10,80.61)
  GCDdpath0/n79 (net)                           1        8.381                                   1.010     0.000      0.824 r    [6.69,8.38]
  GCDdpath0/U69/IN1 (NAND2X0)                                      0.000     0.108     0.000     1.010     0.000 *    0.824 r    (74.25,49.34)
  GCDdpath0/U69/QN (NAND2X0)                                                 0.066               1.010     0.045      0.869 f    (74.12,48.53)
  GCDdpath0/n84 (net)                           1        2.231                                   1.010     0.000      0.869 f    [0.54,2.23]
  GCDdpath0/U70/IN1 (NAND2X0)                                      0.000     0.066     0.000     1.010     0.000 *    0.869 f    (74.57,45.22)
  GCDdpath0/U70/QN (NAND2X0)                                                 0.066               1.010     0.041      0.910 r    (74.44,46.03)
  GCDdpath0/A_next[1] (net)                     1        3.087                                   1.010     0.000      0.910 r    [1.59,3.09]
  GCDdpath0/A_reg_reg_1_/D (DFFARX1)                               0.000     0.066     0.000     1.010     0.000 *    0.910 r    (83.11,41.94)          so 
  data arrival time                                                                                                   0.910

  clock ideal_clock1 (rise edge)                                                                           0.900      0.900
  clock network delay (ideal)                                                                              0.000      0.900
  GCDdpath0/A_reg_reg_1_/CLK (DFFARX1)                                                                     0.000      0.900 r
  library setup time                                                                                      -0.097      0.803
  data required time                                                                                                  0.803
  ----------------------------------------------------------------------------------------------------------------------------------------------------------------
  data required time                                                                                                  0.803
  data arrival time                                                                                                  -0.910
  ----------------------------------------------------------------------------------------------------------------------------------------------------------------
  slack (VIOLATED)                                                                                                   -0.107


1
