 
****************************************
Report : timing
        -path full_clock
        -delay min
        -physical
        -derate
        -input_pins
        -nets
        -max_paths 1
        -transition_time
        -crosstalk_delta
        -capacitance
Design : gcdGCDUnit_rtl
Version: F-2011.09-ICC-SP4
Date   : Mon Sep 10 12:26:11 2012
****************************************

 * Some/all delay information is back-annotated.

Operating Conditions: TYPICAL   Library: saed90nm_typ

  Startpoint: GCDdpath0/B_reg_reg_0_
              (rising edge-triggered flip-flop clocked by ideal_clock1)
  Endpoint: GCDdpath0/A_reg_reg_0_
            (rising edge-triggered flip-flop clocked by ideal_clock1)
  Path Group: ideal_clock1
  Path Type: min

Attributes:
    d - dont_touch
    u - dont_use
   mo - map_only
   so - size_only
    i - ideal_net or ideal_network

  Point                                       Fanout       Cap     DTran     Trans     Delta    Derate      Incr       Path      Location / Load        Attributes
  ----------------------------------------------------------------------------------------------------------------------------------------------------------------
  clock ideal_clock1 (rise edge)                                                                           0.000      0.000
  clock network delay (ideal)                                                                              0.000      0.000
  GCDdpath0/B_reg_reg_0_/CLK (DFFARX1)                             0.000     0.000     0.000     0.990     0.000      0.000 r    (61.56,54.67)          so i 
  GCDdpath0/B_reg_reg_0_/QN (DFFARX1)                                        0.046               0.990     0.128      0.128 r    (69.95,54.85)          so 
  GCDdpath0/n70 (net)                           1        2.712                                   0.990     0.000      0.128 r    [1.18,2.71]
  GCDdpath0/U196/IN2 (NAND2X0)                                     0.000     0.046     0.000     0.990     0.000 *    0.128 r    (69.00,63.60)
  GCDdpath0/U196/QN (NAND2X0)                                                0.055               0.990     0.038      0.166 f    (68.44,63.31)
  GCDdpath0/n71 (net)                           1        3.233                                   0.990     0.000      0.166 f    [0.40,3.23]
  GCDdpath0/U75/IN2 (NAND2X1)                                      0.000     0.055     0.000     0.990     0.000 *    0.166 f    (69.33,65.50)
  GCDdpath0/U75/QN (NAND2X1)                                                 0.044               0.990     0.033      0.199 r    (68.94,66.09)
  GCDdpath0/n75 (net)                           1        4.104                                   0.990     0.000      0.199 r    [1.31,4.10]
  GCDdpath0/U76/IN1 (NAND2X1)                                      0.000     0.044     0.000     0.990     0.000 *    0.199 r    (71.74,57.88)
  GCDdpath0/U76/QN (NAND2X1)                                                 0.035               0.990     0.026      0.225 f    (71.70,57.27)
  GCDdpath0/A_next[0] (net)                     1        2.452                                   0.990     0.000      0.225 f    [0.96,2.45]
  GCDdpath0/A_reg_reg_0_/D (DFFARX1)                               0.000     0.035     0.000     0.990     0.000 *    0.225 f    (76.07,53.46)          so 
  data arrival time                                                                                                   0.225

  clock ideal_clock1 (rise edge)                                                                           0.000      0.000
  clock network delay (ideal)                                                                              0.000      0.000
  GCDdpath0/A_reg_reg_0_/CLK (DFFARX1)                                                                     0.000      0.000 r
  library hold time                                                                                       -0.014     -0.014
  data required time                                                                                                 -0.014
  ----------------------------------------------------------------------------------------------------------------------------------------------------------------
  data required time                                                                                                 -0.014
  data arrival time                                                                                                  -0.225
  ----------------------------------------------------------------------------------------------------------------------------------------------------------------
  slack (MET)                                                                                                         0.238


1
