 
****************************************
Report : timing
        -path full_clock
        -delay max
        -physical
        -derate
        -input_pins
        -nets
        -max_paths 1
        -transition_time
        -crosstalk_delta
        -capacitance
Design : GCD
Version: F-2011.09-ICC-SP4
Date   : Tue Sep 11 00:01:40 2012
****************************************

 * Some/all delay information is back-annotated.

Operating Conditions: TYPICAL   Library: saed90nm_typ

  Startpoint: io_result_rdy
              (input port clocked by ideal_clock1)
  Endpoint: io_result_bits_data[7]
            (output port clocked by ideal_clock1)
  Path Group: FEEDTHROUGH
  Path Type: max

Attributes:
    d - dont_touch
    u - dont_use
   mo - map_only
   so - size_only
    i - ideal_net or ideal_network

  Point                        Fanout       Cap     DTran     Trans     Delta    Derate      Incr       Path      Location / Load        Attributes
  -------------------------------------------------------------------------------------------------------------------------------------------------
  clock ideal_clock1 (rise edge)                                                            0.000      0.000
  clock network delay (ideal)                                                               0.000      0.000
  input external delay                                                                      0.200      0.200 r
  io_result_rdy (in)                                          0.041               1.010     0.014      0.214 r    (132.80, 0.00)
  io_result_rdy (net)            1       11.534                                   1.010     0.000      0.214 r    [9.63,11.53]
  U291/INP (INVX0)                                  0.000     0.041     0.000     1.010     0.000 *    0.214 r    (102.87,31.29)
  U291/ZN (INVX0)                                             0.032               1.010     0.025      0.239 f    (103.34,31.27)
  n35 (net)                      1        2.872                                   1.010     0.000      0.239 f    [0.58,2.87]
  U114/IN1 (NOR2X0)                                 0.000     0.032     0.000     1.010     0.000 *    0.239 f    (103.43,34.89)
  U114/QN (NOR2X0)                                            0.328               1.010     0.156      0.395 r    (103.75,34.53)
  io_result_val (net)            4       37.913                                   1.010     0.000      0.395 r    [12.17,37.91]
  dp_ipo111/IN2 (NOR2X4)                            0.000     0.328     0.000     1.010     0.001 *    0.396 r    (66.62,34.68)
  dp_ipo111/QN (NOR2X4)                                       0.157               1.010     0.111      0.507 f    (65.80,34.70)
  n358 (net)                    11       48.834                                   1.010     0.000      0.507 f    [12.41,48.83]
  U382/IN1 (NOR2X1)                                 0.000     0.157     0.000     1.010     0.000 *    0.507 f    (39.53,30.94)
  U382/QN (NOR2X1)                                            0.098               1.010     0.053      0.560 r    (39.72,31.45)
  io_result_bits_data[7] (net)
                                 1        7.031                                   1.010     0.000      0.560 r    [7.03,7.03]
  io_result_bits_data[7] (out)                      0.000     0.098     0.000     1.010     0.000 *    0.560 r    (25.60, 0.00)
  data arrival time                                                                                    0.560

  clock ideal_clock1 (rise edge)                                                            0.900      0.900
  clock network delay (ideal)                                                               0.000      0.900
  output external delay                                                                    -0.200      0.700
  data required time                                                                                   0.700
  -------------------------------------------------------------------------------------------------------------------------------------------------
  data required time                                                                                   0.700
  data arrival time                                                                                   -0.560
  -------------------------------------------------------------------------------------------------------------------------------------------------
  slack (MET)                                                                                          0.140


  Startpoint: reset (input port clocked by ideal_clock1)
  Endpoint: A_reg_1_ (rising edge-triggered flip-flop clocked by ideal_clock1)
  Path Group: REGIN
  Path Type: max

Attributes:
    d - dont_touch
    u - dont_use
   mo - map_only
   so - size_only
    i - ideal_net or ideal_network

  Point                        Fanout       Cap     DTran     Trans     Delta    Derate      Incr       Path      Location / Load        Attributes
  -------------------------------------------------------------------------------------------------------------------------------------------------
  clock ideal_clock1 (rise edge)                                                            0.000      0.000
  clock network delay (ideal)                                                               0.000      0.000
  input external delay                                                                      0.200      0.200 r
  reset (in)                                                  0.141               1.010     0.059      0.259 r    ( 0.00,13.28)
  reset (net)                    4       44.693                                   1.010     0.000      0.259 r    [17.02,44.69]
  U116/INP (INVX0)                                  0.000     0.141     0.000     1.010     0.002 *    0.261 r    (84.95,45.99)
  U116/ZN (INVX0)                                             0.077               1.010     0.054      0.315 f    (85.42,46.01)
  n341 (net)                     2        6.839                                   1.010     0.000      0.315 f    [2.29,6.84]
  U226/IN2 (NAND2X1)                                0.000     0.077     0.000     1.010     0.000 *    0.315 f    (101.71,46.33)
  U226/QN (NAND2X1)                                           0.408               1.010     0.206      0.521 r    (102.10,45.75)
  n351 (net)                    33       92.237                                   1.010     0.000      0.521 r    [36.90,92.24]
  U173/IN1 (NAND2X0)                                0.000     0.408     0.000     1.010     0.003 *    0.525 r    (33.43,101.18)
  U173/QN (NAND2X0)                                           0.211               1.010     0.133      0.658 f    (33.56,100.36)
  n182 (net)                     1       11.384                                   1.010     0.000      0.658 f    [9.85,11.38]
  U172/IN2 (NAND2X0)                                0.000     0.211     0.000     1.010     0.000 *    0.659 f    (60.76,54.00)
  U172/QN (NAND2X0)                                           0.110               1.010     0.069      0.728 r    (61.32,54.28)
  N21 (net)                      1        3.641                                   1.010     0.000      0.728 r    [1.98,3.64]
  A_reg_1_/D (DFFX1)                                0.000     0.110     0.000     1.010     0.000 *    0.728 r    (64.39,43.15)          so 
  data arrival time                                                                                    0.728

  clock ideal_clock1 (rise edge)                                                            0.900      0.900
  clock network delay (ideal)                                                               0.000      0.900
  A_reg_1_/CLK (DFFX1)                                                                      0.000      0.900 r
  library setup time                                                                       -0.079      0.821
  data required time                                                                                   0.821
  -------------------------------------------------------------------------------------------------------------------------------------------------
  data required time                                                                                   0.821
  data arrival time                                                                                   -0.728
  -------------------------------------------------------------------------------------------------------------------------------------------------
  slack (MET)                                                                                          0.093


  Startpoint: A_reg_11_ (rising edge-triggered flip-flop clocked by ideal_clock1)
  Endpoint: io_result_bits_data[7]
            (output port clocked by ideal_clock1)
  Path Group: REGOUT
  Path Type: max

Attributes:
    d - dont_touch
    u - dont_use
   mo - map_only
   so - size_only
    i - ideal_net or ideal_network

  Point                        Fanout       Cap     DTran     Trans     Delta    Derate      Incr       Path      Location / Load        Attributes
  -------------------------------------------------------------------------------------------------------------------------------------------------
  clock ideal_clock1 (rise edge)                                                            0.000      0.000
  clock network delay (ideal)                                                               0.000      0.000
  A_reg_11_/CLK (DFFSSRX1)                          0.000     0.000     0.000     1.010     0.000      0.000 r    (66.55,83.47)          so i 
  A_reg_11_/QN (DFFSSRX1)                                     0.077               1.010     0.147      0.147 r    (72.19,83.85)          so 
  n71 (net)                      3       13.381                                   1.010     0.000      0.147 r    [5.51,13.38]
  U278/IN1 (NAND2X0)                                0.000     0.077     0.000     1.010     0.000 *    0.147 r    (83.67,97.06)
  U278/QN (NAND2X0)                                           0.149               1.010     0.093      0.241 f    (83.80,97.88)
  n294 (net)                     6       14.117                                   1.010     0.000      0.241 f    [4.37,14.12]
  U402/INP (INVX0)                                  0.000     0.149     0.000     1.010     0.000 *    0.241 f    (73.11,88.89)
  U402/ZN (INVX0)                                             0.083               1.010     0.049      0.290 r    (73.58,88.87)
  n49 (net)                      1        5.935                                   1.010     0.000      0.290 r    [0.44,5.94]
  U401/IN1 (NOR2X2)                                 0.000     0.083     0.000     1.010     0.000 *    0.290 r    (72.95,86.65)
  U401/QN (NOR2X2)                                            0.080               1.010     0.040      0.330 f    (73.37,86.51)
  n284 (net)                     2        9.953                                   1.010     0.000      0.330 f    [4.25,9.95]
  U420/IN2 (NAND4X0)                                0.000     0.080     0.000     1.010     0.000 *    0.330 f    (66.92,68.11)
  U420/QN (NAND4X0)                                           0.087               1.010     0.054      0.385 r    (67.06,69.24)
  n61 (net)                      1        4.070                                   1.010     0.000      0.385 r    [1.78,4.07]
  dp_ipo112/IN1 (NOR2X0)                            0.000     0.087     0.000     1.010     0.000 *    0.385 r    (64.41,59.67)
  dp_ipo112/QN (NOR2X0)                                       0.077               1.010     0.060      0.444 f    (64.10,60.03)
  n359 (net)                     1        7.811                                   1.010     0.000      0.444 f    [0.72,7.81]
  dp_ipo114/INP (INVX2)                             0.000     0.077     0.000     1.010     0.000 *    0.444 f    (61.51,57.56)
  dp_ipo114/ZN (INVX2)                                        0.032               1.010     0.019      0.463 r    (61.35,57.36)
  n360 (net)                     1        3.642                                   1.010     0.000      0.463 r    [0.55,3.64]
  dp_ipo113/IN3 (NOR3X2)                            0.000     0.032     0.000     1.010     0.000 *    0.463 r    (60.08,59.72)
  dp_ipo113/QN (NOR3X2)                                       0.052               1.010     0.124      0.587 f    (61.81,60.10)
  n345 (net)                     3       30.478                                   1.010     0.000      0.587 f    [6.25,30.48]
  dp_ipo111/IN1 (NOR2X4)                            0.000     0.052     0.000     1.010     0.000 *    0.588 f    (65.42,34.89)
  dp_ipo111/QN (NOR2X4)                                       0.132               1.010     0.053      0.641 r    (65.80,34.70)
  n358 (net)                    11       48.834                                   1.010     0.000      0.641 r    [12.41,48.83]
  U382/IN1 (NOR2X1)                                 0.000     0.132     0.000     1.010     0.000 *    0.641 r    (39.53,30.94)
  U382/QN (NOR2X1)                                            0.073               1.010     0.057      0.698 f    (39.72,31.45)
  io_result_bits_data[7] (net)
                                 1        7.031                                   1.010     0.000      0.698 f    [7.03,7.03]
  io_result_bits_data[7] (out)                      0.000     0.073     0.000     1.010     0.000 *    0.698 f    (25.60, 0.00)
  data arrival time                                                                                    0.698

  clock ideal_clock1 (rise edge)                                                            0.900      0.900
  clock network delay (ideal)                                                               0.000      0.900
  output external delay                                                                    -0.200      0.700
  data required time                                                                                   0.700
  -------------------------------------------------------------------------------------------------------------------------------------------------
  data required time                                                                                   0.700
  data arrival time                                                                                   -0.698
  -------------------------------------------------------------------------------------------------------------------------------------------------
  slack (MET)                                                                                          0.002


  Startpoint: B_reg_0_ (rising edge-triggered flip-flop clocked by ideal_clock1)
  Endpoint: B_reg_11_ (rising edge-triggered flip-flop clocked by ideal_clock1)
  Path Group: ideal_clock1
  Path Type: max

Attributes:
    d - dont_touch
    u - dont_use
   mo - map_only
   so - size_only
    i - ideal_net or ideal_network

  Point                        Fanout       Cap     DTran     Trans     Delta    Derate      Incr       Path      Location / Load        Attributes
  -------------------------------------------------------------------------------------------------------------------------------------------------
  clock ideal_clock1 (rise edge)                                                            0.000      0.000
  clock network delay (ideal)                                                               0.000      0.000
  B_reg_0_/CLK (DFFX1)                              0.000     0.000     0.000     1.010     0.000      0.000 r    (80.09,51.41)          so i 
  B_reg_0_/Q (DFFX1)                                          0.052               1.010     0.188      0.188 f    (73.41,51.02)          so 
  B[0] (net)                     3       12.543                                   1.010     0.000      0.188 f    [3.59,12.54]
  sub_x_10_U144/IN2 (NOR2X0)                        0.000     0.052     0.000     1.010     0.000 *    0.189 f    (78.61,44.81)
  sub_x_10_U144/QN (NOR2X0)                                   0.087               1.010     0.047      0.235 r    (78.82,46.05)
  sub_x_10_n113 (net)            2        5.914                                   1.010     0.000      0.235 r    [0.93,5.91]
  sub_x_10_U138/IN1 (OAI21X1)                       0.000     0.087     0.000     1.010     0.000 *    0.235 r    (80.88,45.73)
  sub_x_10_U138/QN (OAI21X1)                                  0.034               1.010     0.116      0.351 f    (83.50,45.88)
  sub_x_10_n110 (net)            2        5.967                                   1.010     0.000      0.351 f    [2.48,5.97]
  sub_x_10_U123/IN1 (AOI21X1)                       0.000     0.034     0.000     1.010     0.000 *    0.351 f    (86.78,48.87)
  sub_x_10_U123/QN (AOI21X1)                                  0.036               1.010     0.100      0.451 r    (89.30,48.62)
  sub_x_10_n101 (net)            2        5.640                                   1.010     0.000      0.451 r    [1.08,5.64]
  dp_ipo105/IN2 (OR2X1)                             0.000     0.036     0.000     1.010     0.000 *    0.451 r    (91.91,49.77)
  dp_ipo105/Q (OR2X1)                                         0.039               1.010     0.064      0.515 r    (91.23,48.24)
  n353 (net)                     1        6.183                                   1.010     0.000      0.515 r    [0.73,6.18]
  dp_ipo106/IN1 (NAND2X2)                           0.000     0.039     0.000     1.010     0.000 *    0.515 r    (94.16,46.02)
  dp_ipo106/QN (NAND2X2)                                      0.080               1.010     0.051      0.566 f    (94.07,45.76)
  sub_x_10_n1 (net)              8       31.092                                   1.010     0.000      0.566 f    [17.17,31.09]
  sub_x_10_U52/IN1 (AOI21X1)                        0.000     0.080     0.000     1.010     0.001 *    0.567 f    (79.74,103.29)
  sub_x_10_U52/QN (AOI21X1)                                   0.032               1.010     0.105      0.671 r    (82.26,103.54)
  sub_x_10_n51 (net)             1        4.260                                   1.010     0.000      0.671 r    [0.42,4.26]
  sub_x_10_U39/IN1 (XOR2X1)                         0.000     0.032     0.000     1.010     0.000 *    0.671 r    (85.42,103.47)
  sub_x_10_U39/Q (XOR2X1)                                     0.038               1.010     0.061      0.732 r    (84.38,104.05)
  T25[11] (net)                  1        2.595                                   1.010     0.000      0.732 r    [0.90,2.60]
  U183/IN1 (NAND2X0)                                0.000     0.038     0.000     1.010     0.000 *    0.732 r    (88.15,101.18)
  U183/QN (NAND2X0)                                           0.064               1.010     0.037      0.769 f    (88.28,100.36)
  n125 (net)                     1        2.969                                   1.010     0.000      0.769 f    [1.36,2.97]
  B_reg_11_/SETB (DFFSSRX1)                         0.000     0.064     0.000     1.010     0.000 *    0.769 f    (99.66,100.73)         so 
  data arrival time                                                                                    0.769

  clock ideal_clock1 (rise edge)                                                            0.900      0.900
  clock network delay (ideal)                                                               0.000      0.900
  B_reg_11_/CLK (DFFSSRX1)                                                                  0.000      0.900 r
  library setup time                                                                       -0.140      0.760
  data required time                                                                                   0.760
  -------------------------------------------------------------------------------------------------------------------------------------------------
  data required time                                                                                   0.760
  data arrival time                                                                                   -0.769
  -------------------------------------------------------------------------------------------------------------------------------------------------
  slack (VIOLATED)                                                                                    -0.010


1
