Information: Propagating switching activity (low effort zero delay simulation). (PWR-6)
Warning: Design has unannotated primary inputs. (PWR-414)
Warning: Design has unannotated sequential cell outputs. (PWR-415)
 
****************************************
Report : power
        -hier
        -analysis_effort low
Design : gcdGCDUnit_rtl
Version: F-2011.09-ICC-SP4
Date   : Mon Sep 10 13:00:51 2012
****************************************


Library(s) Used:

    saed90nm_typ (File: /home/ff/cs250/stdcells/synopsys-90nm/default/db/cells.db)
    saed90nm_typ_cg (File: /home/ff/cs250/stdcells/synopsys-90nm/default/db/cells_cg.db)


Operating Conditions: TYPICAL   Library: saed90nm_typ
Wire Load Model Mode: top

Design        Wire Load Model            Library
------------------------------------------------
gcdGCDUnit_rtl         ForQA             saed90nm_typ


Global Operating Voltage = 1.2  
Power-specific unit information :
    Voltage Units = 1V
    Capacitance Units = 1.000000ff
    Time Units = 1ns
    Dynamic Power Units = 1uW    (derived from V,C,T units)
    Leakage Power Units = 1pW


--------------------------------------------------------------------------------
                                       Switch   Int      Leak     Total
Hierarchy                              Power    Power    Power    Power    %
--------------------------------------------------------------------------------
gcdGCDUnit_rtl                          376.273  598.671 2.11e+07  996.060 100.0
  GCDdpath0 (gcdGCDUnitDpath_W16)       314.118  352.959 1.66e+07  683.713  68.6
  GCDctrl0 (gcdGCDUnitCtrl)              48.155  160.108 1.53e+06  209.790  21.1
1
